mode: set
github.com/dropDatabas3/hellojohn/internal/http/controllers/health/controllers.go:12.50,16.2 1 0
github.com/dropDatabas3/hellojohn/internal/http/controllers/health/health_controller.go:20.71,22.2 1 0
github.com/dropDatabas3/hellojohn/internal/http/controllers/health/health_controller.go:25.75,29.32 3 0
github.com/dropDatabas3/hellojohn/internal/http/controllers/health/health_controller.go:29.32,33.3 3 0
github.com/dropDatabas3/hellojohn/internal/http/controllers/health/health_controller.go:35.2,39.28 3 0
github.com/dropDatabas3/hellojohn/internal/http/controllers/health/health_controller.go:39.28,41.3 1 0
github.com/dropDatabas3/hellojohn/internal/http/controllers/health/health_controller.go:42.2,42.27 1 0
github.com/dropDatabas3/hellojohn/internal/http/controllers/health/health_controller.go:42.27,44.3 1 0
github.com/dropDatabas3/hellojohn/internal/http/controllers/health/health_controller.go:45.2,45.32 1 0
github.com/dropDatabas3/hellojohn/internal/http/controllers/health/health_controller.go:45.32,47.3 1 0
github.com/dropDatabas3/hellojohn/internal/http/controllers/health/health_controller.go:50.2,51.25 2 0
github.com/dropDatabas3/hellojohn/internal/http/controllers/health/health_controller.go:52.21,53.45 1 0
github.com/dropDatabas3/hellojohn/internal/http/controllers/health/health_controller.go:54.10,55.29 1 0
github.com/dropDatabas3/hellojohn/internal/http/controllers/health/health_controller.go:58.2,63.36 2 0
github.com/dropDatabas3/hellojohn/internal/http/controllers/health/health_controller.go:66.73,69.2 2 0
github.com/dropDatabas3/hellojohn/internal/domain/repository/errors.go:38.33,40.2 1 0
github.com/dropDatabas3/hellojohn/internal/domain/repository/errors.go:43.33,45.2 1 0
github.com/dropDatabas3/hellojohn/internal/domain/repository/errors.go:48.35,50.2 1 0
github.com/dropDatabas3/hellojohn/internal/domain/repository/session.go:119.42,120.24 1 0
github.com/dropDatabas3/hellojohn/internal/domain/repository/session.go:120.24,122.3 1 0
github.com/dropDatabas3/hellojohn/internal/domain/repository/session.go:123.2,123.35 1 0
github.com/dropDatabas3/hellojohn/internal/domain/repository/session.go:123.35,125.3 1 0
github.com/dropDatabas3/hellojohn/internal/domain/repository/session.go:127.2,127.49 1 0
github.com/dropDatabas3/hellojohn/internal/domain/repository/session.go:127.49,129.3 1 0
github.com/dropDatabas3/hellojohn/internal/domain/repository/session.go:130.2,130.17 1 0
github.com/dropDatabas3/hellojohn/internal/http/controllers/auth/complete_profile_controller.go:23.98,25.2 1 0
github.com/dropDatabas3/hellojohn/internal/http/controllers/auth/complete_profile_controller.go:29.93,33.33 3 0
github.com/dropDatabas3/hellojohn/internal/http/controllers/auth/complete_profile_controller.go:33.33,37.3 3 0
github.com/dropDatabas3/hellojohn/internal/http/controllers/auth/complete_profile_controller.go:40.2,41.19 2 0
github.com/dropDatabas3/hellojohn/internal/http/controllers/auth/complete_profile_controller.go:41.19,44.3 2 0
github.com/dropDatabas3/hellojohn/internal/http/controllers/auth/complete_profile_controller.go:46.2,49.36 3 0
github.com/dropDatabas3/hellojohn/internal/http/controllers/auth/complete_profile_controller.go:49.36,52.3 2 0
github.com/dropDatabas3/hellojohn/internal/http/controllers/auth/complete_profile_controller.go:54.2,61.61 5 0
github.com/dropDatabas3/hellojohn/internal/http/controllers/auth/complete_profile_controller.go:61.61,64.3 2 0
github.com/dropDatabas3/hellojohn/internal/http/controllers/auth/complete_profile_controller.go:66.2,67.16 2 0
github.com/dropDatabas3/hellojohn/internal/http/controllers/auth/complete_profile_controller.go:67.16,70.3 2 0
github.com/dropDatabas3/hellojohn/internal/http/controllers/auth/complete_profile_controller.go:73.2,82.31 5 0
github.com/dropDatabas3/hellojohn/internal/http/controllers/auth/complete_profile_controller.go:86.100,87.13 1 0
github.com/dropDatabas3/hellojohn/internal/http/controllers/auth/complete_profile_controller.go:88.41,89.90 1 0
github.com/dropDatabas3/hellojohn/internal/http/controllers/auth/complete_profile_controller.go:90.42,91.80 1 0
github.com/dropDatabas3/hellojohn/internal/http/controllers/auth/complete_profile_controller.go:92.43,93.84 1 0
github.com/dropDatabas3/hellojohn/internal/http/controllers/auth/complete_profile_controller.go:94.25,95.98 1 0
github.com/dropDatabas3/hellojohn/internal/http/controllers/auth/complete_profile_controller.go:96.42,98.62 2 0
github.com/dropDatabas3/hellojohn/internal/http/controllers/auth/complete_profile_controller.go:99.10,101.62 2 0
github.com/dropDatabas3/hellojohn/internal/http/controllers/auth/config_controller.go:20.71,22.2 1 0
github.com/dropDatabas3/hellojohn/internal/http/controllers/auth/config_controller.go:26.78,30.32 3 0
github.com/dropDatabas3/hellojohn/internal/http/controllers/auth/config_controller.go:30.32,34.3 3 0
github.com/dropDatabas3/hellojohn/internal/http/controllers/auth/config_controller.go:36.2,39.16 3 0
github.com/dropDatabas3/hellojohn/internal/http/controllers/auth/config_controller.go:39.16,42.3 2 0
github.com/dropDatabas3/hellojohn/internal/http/controllers/auth/config_controller.go:45.2,64.68 5 0
github.com/dropDatabas3/hellojohn/internal/http/controllers/auth/config_controller.go:68.91,69.13 1 0
github.com/dropDatabas3/hellojohn/internal/http/controllers/auth/config_controller.go:70.35,71.82 1 0
github.com/dropDatabas3/hellojohn/internal/http/controllers/auth/config_controller.go:72.35,73.82 1 0
github.com/dropDatabas3/hellojohn/internal/http/controllers/auth/config_controller.go:74.10,76.62 2 0
github.com/dropDatabas3/hellojohn/internal/http/controllers/auth/controllers.go:25.50,39.2 1 0
github.com/dropDatabas3/hellojohn/internal/http/controllers/auth/login_controller.go:26.68,28.2 1 0
github.com/dropDatabas3/hellojohn/internal/http/controllers/auth/login_controller.go:31.73,35.33 3 0
github.com/dropDatabas3/hellojohn/internal/http/controllers/auth/login_controller.go:35.33,39.3 3 0
github.com/dropDatabas3/hellojohn/internal/http/controllers/auth/login_controller.go:42.2,49.9 5 0
github.com/dropDatabas3/hellojohn/internal/http/controllers/auth/login_controller.go:50.48,51.62 1 0
github.com/dropDatabas3/hellojohn/internal/http/controllers/auth/login_controller.go:51.62,54.4 2 0
github.com/dropDatabas3/hellojohn/internal/http/controllers/auth/login_controller.go:56.65,57.39 1 0
github.com/dropDatabas3/hellojohn/internal/http/controllers/auth/login_controller.go:57.39,60.4 2 0
github.com/dropDatabas3/hellojohn/internal/http/controllers/auth/login_controller.go:61.3,64.41 4 0
github.com/dropDatabas3/hellojohn/internal/http/controllers/auth/login_controller.go:66.10,68.9 2 0
github.com/dropDatabas3/hellojohn/internal/http/controllers/auth/login_controller.go:72.2,72.76 1 0
github.com/dropDatabas3/hellojohn/internal/http/controllers/auth/login_controller.go:72.76,74.3 1 0
github.com/dropDatabas3/hellojohn/internal/http/controllers/auth/login_controller.go:77.2,78.16 2 0
github.com/dropDatabas3/hellojohn/internal/http/controllers/auth/login_controller.go:78.16,82.3 3 0
github.com/dropDatabas3/hellojohn/internal/http/controllers/auth/login_controller.go:85.2,90.24 4 0
github.com/dropDatabas3/hellojohn/internal/http/controllers/auth/login_controller.go:90.24,98.3 3 0
github.com/dropDatabas3/hellojohn/internal/http/controllers/auth/login_controller.go:100.2,106.4 2 0
github.com/dropDatabas3/hellojohn/internal/http/controllers/auth/login_controller.go:111.56,112.9 1 0
github.com/dropDatabas3/hellojohn/internal/http/controllers/auth/login_controller.go:113.44,114.123 1 0
github.com/dropDatabas3/hellojohn/internal/http/controllers/auth/login_controller.go:116.44,117.95 1 0
github.com/dropDatabas3/hellojohn/internal/http/controllers/auth/login_controller.go:119.49,120.98 1 0
github.com/dropDatabas3/hellojohn/internal/http/controllers/auth/login_controller.go:122.49,123.99 1 0
github.com/dropDatabas3/hellojohn/internal/http/controllers/auth/login_controller.go:125.43,132.5 3 0
github.com/dropDatabas3/hellojohn/internal/http/controllers/auth/login_controller.go:134.47,135.86 1 0
github.com/dropDatabas3/hellojohn/internal/http/controllers/auth/login_controller.go:137.41,138.103 1 0
github.com/dropDatabas3/hellojohn/internal/http/controllers/auth/login_controller.go:140.47,141.99 1 0
github.com/dropDatabas3/hellojohn/internal/http/controllers/auth/login_controller.go:143.10,144.62 1 0
github.com/dropDatabas3/hellojohn/internal/http/controllers/auth/logout_all_controller.go:24.71,26.2 1 0
github.com/dropDatabas3/hellojohn/internal/http/controllers/auth/logout_all_controller.go:29.75,33.33 3 0
github.com/dropDatabas3/hellojohn/internal/http/controllers/auth/logout_all_controller.go:33.33,37.3 3 0
github.com/dropDatabas3/hellojohn/internal/http/controllers/auth/logout_all_controller.go:39.2,45.9 5 0
github.com/dropDatabas3/hellojohn/internal/http/controllers/auth/logout_all_controller.go:46.48,47.62 1 0
github.com/dropDatabas3/hellojohn/internal/http/controllers/auth/logout_all_controller.go:47.62,50.4 2 0
github.com/dropDatabas3/hellojohn/internal/http/controllers/auth/logout_all_controller.go:52.65,53.39 1 0
github.com/dropDatabas3/hellojohn/internal/http/controllers/auth/logout_all_controller.go:53.39,56.4 2 0
github.com/dropDatabas3/hellojohn/internal/http/controllers/auth/logout_all_controller.go:57.3,59.50 3 0
github.com/dropDatabas3/hellojohn/internal/http/controllers/auth/logout_all_controller.go:61.10,63.9 2 0
github.com/dropDatabas3/hellojohn/internal/http/controllers/auth/logout_all_controller.go:66.2,69.16 3 0
github.com/dropDatabas3/hellojohn/internal/http/controllers/auth/logout_all_controller.go:69.16,73.3 3 0
github.com/dropDatabas3/hellojohn/internal/http/controllers/auth/logout_all_controller.go:76.2,76.37 1 0
github.com/dropDatabas3/hellojohn/internal/http/controllers/auth/logout_all_controller.go:80.78,84.33 3 0
github.com/dropDatabas3/hellojohn/internal/http/controllers/auth/logout_all_controller.go:84.33,88.3 3 0
github.com/dropDatabas3/hellojohn/internal/http/controllers/auth/logout_all_controller.go:90.2,94.61 4 0
github.com/dropDatabas3/hellojohn/internal/http/controllers/auth/logout_all_controller.go:94.61,97.3 2 0
github.com/dropDatabas3/hellojohn/internal/http/controllers/auth/logout_all_controller.go:99.2,102.16 3 0
github.com/dropDatabas3/hellojohn/internal/http/controllers/auth/logout_all_controller.go:102.16,106.3 3 0
github.com/dropDatabas3/hellojohn/internal/http/controllers/auth/logout_all_controller.go:109.2,109.37 1 0
github.com/dropDatabas3/hellojohn/internal/http/controllers/auth/logout_all_controller.go:114.57,115.9 1 0
github.com/dropDatabas3/hellojohn/internal/http/controllers/auth/logout_all_controller.go:116.50,117.95 1 0
github.com/dropDatabas3/hellojohn/internal/http/controllers/auth/logout_all_controller.go:119.50,120.91 1 0
github.com/dropDatabas3/hellojohn/internal/http/controllers/auth/logout_all_controller.go:122.47,123.103 1 0
github.com/dropDatabas3/hellojohn/internal/http/controllers/auth/logout_all_controller.go:125.49,126.103 1 0
github.com/dropDatabas3/hellojohn/internal/http/controllers/auth/logout_all_controller.go:128.43,129.100 1 0
github.com/dropDatabas3/hellojohn/internal/http/controllers/auth/logout_all_controller.go:131.10,132.62 1 0
github.com/dropDatabas3/hellojohn/internal/http/controllers/auth/me_controller.go:17.38,19.2 1 0
github.com/dropDatabas3/hellojohn/internal/http/controllers/auth/me_controller.go:23.67,27.32 3 0
github.com/dropDatabas3/hellojohn/internal/http/controllers/auth/me_controller.go:27.32,31.3 3 0
github.com/dropDatabas3/hellojohn/internal/http/controllers/auth/me_controller.go:34.2,35.19 2 0
github.com/dropDatabas3/hellojohn/internal/http/controllers/auth/me_controller.go:35.19,38.3 2 0
github.com/dropDatabas3/hellojohn/internal/http/controllers/auth/me_controller.go:41.2,54.30 5 0
github.com/dropDatabas3/hellojohn/internal/http/controllers/auth/mfa_totp_controller.go:23.68,25.2 1 0
github.com/dropDatabas3/hellojohn/internal/http/controllers/auth/mfa_totp_controller.go:29.76,34.33 3 0
github.com/dropDatabas3/hellojohn/internal/http/controllers/auth/mfa_totp_controller.go:34.33,38.3 3 0
github.com/dropDatabas3/hellojohn/internal/http/controllers/auth/mfa_totp_controller.go:41.2,42.16 2 0
github.com/dropDatabas3/hellojohn/internal/http/controllers/auth/mfa_totp_controller.go:42.16,46.3 3 0
github.com/dropDatabas3/hellojohn/internal/http/controllers/auth/mfa_totp_controller.go:47.2,53.19 5 0
github.com/dropDatabas3/hellojohn/internal/http/controllers/auth/mfa_totp_controller.go:53.19,56.3 2 0
github.com/dropDatabas3/hellojohn/internal/http/controllers/auth/mfa_totp_controller.go:57.2,57.18 1 0
github.com/dropDatabas3/hellojohn/internal/http/controllers/auth/mfa_totp_controller.go:57.18,61.3 3 0
github.com/dropDatabas3/hellojohn/internal/http/controllers/auth/mfa_totp_controller.go:64.2,65.16 2 0
github.com/dropDatabas3/hellojohn/internal/http/controllers/auth/mfa_totp_controller.go:65.16,68.3 2 0
github.com/dropDatabas3/hellojohn/internal/http/controllers/auth/mfa_totp_controller.go:71.2,80.37 6 0
github.com/dropDatabas3/hellojohn/internal/http/controllers/auth/mfa_totp_controller.go:85.76,90.33 3 0
github.com/dropDatabas3/hellojohn/internal/http/controllers/auth/mfa_totp_controller.go:90.33,94.3 3 0
github.com/dropDatabas3/hellojohn/internal/http/controllers/auth/mfa_totp_controller.go:97.2,101.16 3 0
github.com/dropDatabas3/hellojohn/internal/http/controllers/auth/mfa_totp_controller.go:101.16,104.3 2 0
github.com/dropDatabas3/hellojohn/internal/http/controllers/auth/mfa_totp_controller.go:105.2,110.19 4 0
github.com/dropDatabas3/hellojohn/internal/http/controllers/auth/mfa_totp_controller.go:110.19,112.3 1 0
github.com/dropDatabas3/hellojohn/internal/http/controllers/auth/mfa_totp_controller.go:113.2,113.18 1 0
github.com/dropDatabas3/hellojohn/internal/http/controllers/auth/mfa_totp_controller.go:113.18,116.3 2 0
github.com/dropDatabas3/hellojohn/internal/http/controllers/auth/mfa_totp_controller.go:119.2,120.61 2 0
github.com/dropDatabas3/hellojohn/internal/http/controllers/auth/mfa_totp_controller.go:120.61,124.3 3 0
github.com/dropDatabas3/hellojohn/internal/http/controllers/auth/mfa_totp_controller.go:126.2,126.39 1 0
github.com/dropDatabas3/hellojohn/internal/http/controllers/auth/mfa_totp_controller.go:126.39,129.3 2 0
github.com/dropDatabas3/hellojohn/internal/http/controllers/auth/mfa_totp_controller.go:132.2,133.16 2 0
github.com/dropDatabas3/hellojohn/internal/http/controllers/auth/mfa_totp_controller.go:133.16,136.3 2 0
github.com/dropDatabas3/hellojohn/internal/http/controllers/auth/mfa_totp_controller.go:139.2,148.37 6 0
github.com/dropDatabas3/hellojohn/internal/http/controllers/auth/mfa_totp_controller.go:153.77,157.33 3 0
github.com/dropDatabas3/hellojohn/internal/http/controllers/auth/mfa_totp_controller.go:157.33,161.3 3 0
github.com/dropDatabas3/hellojohn/internal/http/controllers/auth/mfa_totp_controller.go:163.2,166.16 3 0
github.com/dropDatabas3/hellojohn/internal/http/controllers/auth/mfa_totp_controller.go:166.16,169.3 2 0
github.com/dropDatabas3/hellojohn/internal/http/controllers/auth/mfa_totp_controller.go:170.2,174.19 4 0
github.com/dropDatabas3/hellojohn/internal/http/controllers/auth/mfa_totp_controller.go:174.19,176.3 1 0
github.com/dropDatabas3/hellojohn/internal/http/controllers/auth/mfa_totp_controller.go:177.2,177.18 1 0
github.com/dropDatabas3/hellojohn/internal/http/controllers/auth/mfa_totp_controller.go:177.18,180.3 2 0
github.com/dropDatabas3/hellojohn/internal/http/controllers/auth/mfa_totp_controller.go:182.2,183.61 2 0
github.com/dropDatabas3/hellojohn/internal/http/controllers/auth/mfa_totp_controller.go:183.61,186.3 2 0
github.com/dropDatabas3/hellojohn/internal/http/controllers/auth/mfa_totp_controller.go:188.2,189.16 2 0
github.com/dropDatabas3/hellojohn/internal/http/controllers/auth/mfa_totp_controller.go:189.16,192.3 2 0
github.com/dropDatabas3/hellojohn/internal/http/controllers/auth/mfa_totp_controller.go:194.2,196.72 3 0
github.com/dropDatabas3/hellojohn/internal/http/controllers/auth/mfa_totp_controller.go:201.84,205.33 3 0
github.com/dropDatabas3/hellojohn/internal/http/controllers/auth/mfa_totp_controller.go:205.33,209.3 3 0
github.com/dropDatabas3/hellojohn/internal/http/controllers/auth/mfa_totp_controller.go:211.2,214.16 3 0
github.com/dropDatabas3/hellojohn/internal/http/controllers/auth/mfa_totp_controller.go:214.16,217.3 2 0
github.com/dropDatabas3/hellojohn/internal/http/controllers/auth/mfa_totp_controller.go:218.2,222.19 4 0
github.com/dropDatabas3/hellojohn/internal/http/controllers/auth/mfa_totp_controller.go:222.19,224.3 1 0
github.com/dropDatabas3/hellojohn/internal/http/controllers/auth/mfa_totp_controller.go:225.2,225.18 1 0
github.com/dropDatabas3/hellojohn/internal/http/controllers/auth/mfa_totp_controller.go:225.18,228.3 2 0
github.com/dropDatabas3/hellojohn/internal/http/controllers/auth/mfa_totp_controller.go:230.2,231.61 2 0
github.com/dropDatabas3/hellojohn/internal/http/controllers/auth/mfa_totp_controller.go:231.61,234.3 2 0
github.com/dropDatabas3/hellojohn/internal/http/controllers/auth/mfa_totp_controller.go:236.2,237.16 2 0
github.com/dropDatabas3/hellojohn/internal/http/controllers/auth/mfa_totp_controller.go:237.16,240.3 2 0
github.com/dropDatabas3/hellojohn/internal/http/controllers/auth/mfa_totp_controller.go:243.2,250.4 5 0
github.com/dropDatabas3/hellojohn/internal/http/controllers/auth/mfa_totp_controller.go:255.79,259.33 3 0
github.com/dropDatabas3/hellojohn/internal/http/controllers/auth/mfa_totp_controller.go:259.33,263.3 3 0
github.com/dropDatabas3/hellojohn/internal/http/controllers/auth/mfa_totp_controller.go:265.2,268.16 3 0
github.com/dropDatabas3/hellojohn/internal/http/controllers/auth/mfa_totp_controller.go:268.16,271.3 2 0
github.com/dropDatabas3/hellojohn/internal/http/controllers/auth/mfa_totp_controller.go:272.2,275.61 3 0
github.com/dropDatabas3/hellojohn/internal/http/controllers/auth/mfa_totp_controller.go:275.61,278.3 2 0
github.com/dropDatabas3/hellojohn/internal/http/controllers/auth/mfa_totp_controller.go:280.2,288.16 3 0
github.com/dropDatabas3/hellojohn/internal/http/controllers/auth/mfa_totp_controller.go:288.16,291.3 2 0
github.com/dropDatabas3/hellojohn/internal/http/controllers/auth/mfa_totp_controller.go:293.2,305.40 6 0
github.com/dropDatabas3/hellojohn/internal/http/controllers/auth/mfa_totp_controller.go:308.99,309.13 1 0
github.com/dropDatabas3/hellojohn/internal/http/controllers/auth/mfa_totp_controller.go:310.32,311.128 1 0
github.com/dropDatabas3/hellojohn/internal/http/controllers/auth/mfa_totp_controller.go:312.29,313.108 1 0
github.com/dropDatabas3/hellojohn/internal/http/controllers/auth/mfa_totp_controller.go:314.30,316.119 2 0
github.com/dropDatabas3/hellojohn/internal/http/controllers/auth/mfa_totp_controller.go:317.29,319.118 2 0
github.com/dropDatabas3/hellojohn/internal/http/controllers/auth/mfa_totp_controller.go:320.30,321.109 1 0
github.com/dropDatabas3/hellojohn/internal/http/controllers/auth/mfa_totp_controller.go:322.33,323.108 1 0
github.com/dropDatabas3/hellojohn/internal/http/controllers/auth/mfa_totp_controller.go:324.30,325.100 1 0
github.com/dropDatabas3/hellojohn/internal/http/controllers/auth/mfa_totp_controller.go:326.31,327.106 1 0
github.com/dropDatabas3/hellojohn/internal/http/controllers/auth/mfa_totp_controller.go:328.31,329.117 1 0
github.com/dropDatabas3/hellojohn/internal/http/controllers/auth/mfa_totp_controller.go:330.30,331.114 1 0
github.com/dropDatabas3/hellojohn/internal/http/controllers/auth/mfa_totp_controller.go:332.32,333.105 1 0
github.com/dropDatabas3/hellojohn/internal/http/controllers/auth/mfa_totp_controller.go:334.10,336.62 2 0
github.com/dropDatabas3/hellojohn/internal/http/controllers/auth/profile_controller.go:21.74,23.2 1 0
github.com/dropDatabas3/hellojohn/internal/http/controllers/auth/profile_controller.go:27.80,31.32 3 0
github.com/dropDatabas3/hellojohn/internal/http/controllers/auth/profile_controller.go:31.32,35.3 3 0
github.com/dropDatabas3/hellojohn/internal/http/controllers/auth/profile_controller.go:38.2,39.19 2 0
github.com/dropDatabas3/hellojohn/internal/http/controllers/auth/profile_controller.go:39.19,42.3 2 0
github.com/dropDatabas3/hellojohn/internal/http/controllers/auth/profile_controller.go:44.2,47.18 3 0
github.com/dropDatabas3/hellojohn/internal/http/controllers/auth/profile_controller.go:47.18,50.3 2 0
github.com/dropDatabas3/hellojohn/internal/http/controllers/auth/profile_controller.go:52.2,55.16 3 0
github.com/dropDatabas3/hellojohn/internal/http/controllers/auth/profile_controller.go:55.16,58.3 2 0
github.com/dropDatabas3/hellojohn/internal/http/controllers/auth/profile_controller.go:61.2,79.31 7 0
github.com/dropDatabas3/hellojohn/internal/http/controllers/auth/profile_controller.go:83.92,84.13 1 0
github.com/dropDatabas3/hellojohn/internal/http/controllers/auth/profile_controller.go:85.34,86.80 1 0
github.com/dropDatabas3/hellojohn/internal/http/controllers/auth/profile_controller.go:87.36,88.82 1 0
github.com/dropDatabas3/hellojohn/internal/http/controllers/auth/profile_controller.go:89.35,90.84 1 0
github.com/dropDatabas3/hellojohn/internal/http/controllers/auth/profile_controller.go:91.25,92.98 1 0
github.com/dropDatabas3/hellojohn/internal/http/controllers/auth/profile_controller.go:93.10,95.62 2 0
github.com/dropDatabas3/hellojohn/internal/http/controllers/auth/providers_controller.go:19.80,21.2 1 0
github.com/dropDatabas3/hellojohn/internal/http/controllers/auth/providers_controller.go:25.84,29.32 3 0
github.com/dropDatabas3/hellojohn/internal/http/controllers/auth/providers_controller.go:29.32,33.3 3 0
github.com/dropDatabas3/hellojohn/internal/http/controllers/auth/providers_controller.go:36.2,44.16 4 0
github.com/dropDatabas3/hellojohn/internal/http/controllers/auth/providers_controller.go:44.16,48.3 3 0
github.com/dropDatabas3/hellojohn/internal/http/controllers/auth/providers_controller.go:51.2,61.33 6 0
github.com/dropDatabas3/hellojohn/internal/http/controllers/auth/refresh_controller.go:24.74,26.2 1 0
github.com/dropDatabas3/hellojohn/internal/http/controllers/auth/refresh_controller.go:29.77,33.33 3 0
github.com/dropDatabas3/hellojohn/internal/http/controllers/auth/refresh_controller.go:33.33,37.3 3 0
github.com/dropDatabas3/hellojohn/internal/http/controllers/auth/refresh_controller.go:40.2,47.9 5 0
github.com/dropDatabas3/hellojohn/internal/http/controllers/auth/refresh_controller.go:48.48,49.62 1 0
github.com/dropDatabas3/hellojohn/internal/http/controllers/auth/refresh_controller.go:49.62,52.4 2 0
github.com/dropDatabas3/hellojohn/internal/http/controllers/auth/refresh_controller.go:54.65,55.39 1 0
github.com/dropDatabas3/hellojohn/internal/http/controllers/auth/refresh_controller.go:55.39,58.4 2 0
github.com/dropDatabas3/hellojohn/internal/http/controllers/auth/refresh_controller.go:59.3,61.50 3 0
github.com/dropDatabas3/hellojohn/internal/http/controllers/auth/refresh_controller.go:63.10,65.9 2 0
github.com/dropDatabas3/hellojohn/internal/http/controllers/auth/refresh_controller.go:69.2,73.16 3 0
github.com/dropDatabas3/hellojohn/internal/http/controllers/auth/refresh_controller.go:73.16,77.3 3 0
github.com/dropDatabas3/hellojohn/internal/http/controllers/auth/refresh_controller.go:80.2,90.4 5 0
github.com/dropDatabas3/hellojohn/internal/http/controllers/auth/refresh_controller.go:95.58,96.9 1 0
github.com/dropDatabas3/hellojohn/internal/http/controllers/auth/refresh_controller.go:97.51,98.110 1 0
github.com/dropDatabas3/hellojohn/internal/http/controllers/auth/refresh_controller.go:100.50,101.104 1 0
github.com/dropDatabas3/hellojohn/internal/http/controllers/auth/refresh_controller.go:103.50,104.92 1 0
github.com/dropDatabas3/hellojohn/internal/http/controllers/auth/refresh_controller.go:106.45,107.91 1 0
github.com/dropDatabas3/hellojohn/internal/http/controllers/auth/refresh_controller.go:109.50,115.5 3 0
github.com/dropDatabas3/hellojohn/internal/http/controllers/auth/refresh_controller.go:117.41,118.103 1 0
github.com/dropDatabas3/hellojohn/internal/http/controllers/auth/refresh_controller.go:120.49,121.99 1 0
github.com/dropDatabas3/hellojohn/internal/http/controllers/auth/refresh_controller.go:123.44,124.95 1 0
github.com/dropDatabas3/hellojohn/internal/http/controllers/auth/refresh_controller.go:126.10,127.62 1 0
github.com/dropDatabas3/hellojohn/internal/http/controllers/auth/register_controller.go:24.77,26.2 1 0
github.com/dropDatabas3/hellojohn/internal/http/controllers/auth/register_controller.go:29.79,33.33 3 0
github.com/dropDatabas3/hellojohn/internal/http/controllers/auth/register_controller.go:33.33,37.3 3 0
github.com/dropDatabas3/hellojohn/internal/http/controllers/auth/register_controller.go:40.2,47.41 6 0
github.com/dropDatabas3/hellojohn/internal/http/controllers/auth/register_controller.go:47.41,50.3 2 0
github.com/dropDatabas3/hellojohn/internal/http/controllers/auth/register_controller.go:52.2,52.51 1 0
github.com/dropDatabas3/hellojohn/internal/http/controllers/auth/register_controller.go:52.51,55.3 2 0
github.com/dropDatabas3/hellojohn/internal/http/controllers/auth/register_controller.go:57.2,58.16 2 0
github.com/dropDatabas3/hellojohn/internal/http/controllers/auth/register_controller.go:58.16,61.3 2 0
github.com/dropDatabas3/hellojohn/internal/http/controllers/auth/register_controller.go:64.2,70.30 2 0
github.com/dropDatabas3/hellojohn/internal/http/controllers/auth/register_controller.go:70.30,74.3 3 0
github.com/dropDatabas3/hellojohn/internal/http/controllers/auth/register_controller.go:76.2,80.59 4 0
github.com/dropDatabas3/hellojohn/internal/http/controllers/auth/register_controller.go:84.93,85.9 1 0
github.com/dropDatabas3/hellojohn/internal/http/controllers/auth/register_controller.go:86.52,87.121 1 0
github.com/dropDatabas3/hellojohn/internal/http/controllers/auth/register_controller.go:88.52,89.94 1 0
github.com/dropDatabas3/hellojohn/internal/http/controllers/auth/register_controller.go:90.57,91.116 1 0
github.com/dropDatabas3/hellojohn/internal/http/controllers/auth/register_controller.go:92.49,93.90 1 0
github.com/dropDatabas3/hellojohn/internal/http/controllers/auth/register_controller.go:94.54,95.110 1 0
github.com/dropDatabas3/hellojohn/internal/http/controllers/auth/register_controller.go:96.41,97.114 1 0
github.com/dropDatabas3/hellojohn/internal/http/controllers/auth/register_controller.go:98.58,99.121 1 0
github.com/dropDatabas3/hellojohn/internal/http/controllers/auth/register_controller.go:100.138,102.62 2 0
github.com/dropDatabas3/hellojohn/internal/http/controllers/auth/register_controller.go:103.10,105.62 2 0
github.com/dropDatabas3/hellojohn/internal/http/controllers/admin/auth_controller.go:21.65,23.2 1 0
github.com/dropDatabas3/hellojohn/internal/http/controllers/admin/auth_controller.go:26.72,35.33 3 0
github.com/dropDatabas3/hellojohn/internal/http/controllers/admin/auth_controller.go:35.33,39.3 3 0
github.com/dropDatabas3/hellojohn/internal/http/controllers/admin/auth_controller.go:42.2,43.61 2 0
github.com/dropDatabas3/hellojohn/internal/http/controllers/admin/auth_controller.go:43.61,47.3 3 0
github.com/dropDatabas3/hellojohn/internal/http/controllers/admin/auth_controller.go:50.2,50.43 1 0
github.com/dropDatabas3/hellojohn/internal/http/controllers/admin/auth_controller.go:50.43,54.3 3 0
github.com/dropDatabas3/hellojohn/internal/http/controllers/admin/auth_controller.go:57.2,58.16 2 0
github.com/dropDatabas3/hellojohn/internal/http/controllers/admin/auth_controller.go:58.16,61.3 2 0
github.com/dropDatabas3/hellojohn/internal/http/controllers/admin/auth_controller.go:64.2,68.77 4 0
github.com/dropDatabas3/hellojohn/internal/http/controllers/admin/auth_controller.go:72.74,81.33 3 0
github.com/dropDatabas3/hellojohn/internal/http/controllers/admin/auth_controller.go:81.33,85.3 3 0
github.com/dropDatabas3/hellojohn/internal/http/controllers/admin/auth_controller.go:88.2,89.61 2 0
github.com/dropDatabas3/hellojohn/internal/http/controllers/admin/auth_controller.go:89.61,93.3 3 0
github.com/dropDatabas3/hellojohn/internal/http/controllers/admin/auth_controller.go:96.2,96.28 1 0
github.com/dropDatabas3/hellojohn/internal/http/controllers/admin/auth_controller.go:96.28,100.3 3 0
github.com/dropDatabas3/hellojohn/internal/http/controllers/admin/auth_controller.go:103.2,104.16 2 0
github.com/dropDatabas3/hellojohn/internal/http/controllers/admin/auth_controller.go:104.16,107.3 2 0
github.com/dropDatabas3/hellojohn/internal/http/controllers/admin/auth_controller.go:110.2,114.48 4 0
github.com/dropDatabas3/hellojohn/internal/http/controllers/admin/auth_controller.go:118.76,119.9 1 0
github.com/dropDatabas3/hellojohn/internal/http/controllers/admin/auth_controller.go:120.54,121.95 1 0
github.com/dropDatabas3/hellojohn/internal/http/controllers/admin/auth_controller.go:122.44,123.89 1 0
github.com/dropDatabas3/hellojohn/internal/http/controllers/admin/auth_controller.go:124.10,125.62 1 0
github.com/dropDatabas3/hellojohn/internal/http/controllers/admin/auth_controller.go:130.78,131.9 1 0
github.com/dropDatabas3/hellojohn/internal/http/controllers/admin/auth_controller.go:132.50,133.91 1 0
github.com/dropDatabas3/hellojohn/internal/http/controllers/admin/auth_controller.go:134.50,135.91 1 0
github.com/dropDatabas3/hellojohn/internal/http/controllers/admin/auth_controller.go:136.44,137.89 1 0
github.com/dropDatabas3/hellojohn/internal/http/controllers/admin/auth_controller.go:138.10,139.62 1 0
github.com/dropDatabas3/hellojohn/internal/http/controllers/admin/claims_controller.go:21.71,23.2 1 0
github.com/dropDatabas3/hellojohn/internal/http/controllers/admin/claims_controller.go:27.78,32.16 4 0
github.com/dropDatabas3/hellojohn/internal/http/controllers/admin/claims_controller.go:32.16,35.3 2 0
github.com/dropDatabas3/hellojohn/internal/http/controllers/admin/claims_controller.go:37.2,38.16 2 0
github.com/dropDatabas3/hellojohn/internal/http/controllers/admin/claims_controller.go:38.16,42.3 3 0
github.com/dropDatabas3/hellojohn/internal/http/controllers/admin/claims_controller.go:44.2,44.37 1 0
github.com/dropDatabas3/hellojohn/internal/http/controllers/admin/claims_controller.go:48.85,53.16 4 0
github.com/dropDatabas3/hellojohn/internal/http/controllers/admin/claims_controller.go:53.16,56.3 2 0
github.com/dropDatabas3/hellojohn/internal/http/controllers/admin/claims_controller.go:58.2,59.16 2 0
github.com/dropDatabas3/hellojohn/internal/http/controllers/admin/claims_controller.go:59.16,63.3 3 0
github.com/dropDatabas3/hellojohn/internal/http/controllers/admin/claims_controller.go:65.2,65.37 1 0
github.com/dropDatabas3/hellojohn/internal/http/controllers/admin/claims_controller.go:69.86,74.16 4 0
github.com/dropDatabas3/hellojohn/internal/http/controllers/admin/claims_controller.go:74.16,77.3 2 0
github.com/dropDatabas3/hellojohn/internal/http/controllers/admin/claims_controller.go:79.2,80.61 2 0
github.com/dropDatabas3/hellojohn/internal/http/controllers/admin/claims_controller.go:80.61,83.3 2 0
github.com/dropDatabas3/hellojohn/internal/http/controllers/admin/claims_controller.go:85.2,86.20 2 0
github.com/dropDatabas3/hellojohn/internal/http/controllers/admin/claims_controller.go:86.20,89.3 2 0
github.com/dropDatabas3/hellojohn/internal/http/controllers/admin/claims_controller.go:91.2,92.16 2 0
github.com/dropDatabas3/hellojohn/internal/http/controllers/admin/claims_controller.go:92.16,96.3 3 0
github.com/dropDatabas3/hellojohn/internal/http/controllers/admin/claims_controller.go:98.2,99.41 2 0
github.com/dropDatabas3/hellojohn/internal/http/controllers/admin/claims_controller.go:103.83,108.16 4 0
github.com/dropDatabas3/hellojohn/internal/http/controllers/admin/claims_controller.go:108.16,111.3 2 0
github.com/dropDatabas3/hellojohn/internal/http/controllers/admin/claims_controller.go:113.2,114.19 2 0
github.com/dropDatabas3/hellojohn/internal/http/controllers/admin/claims_controller.go:114.19,117.3 2 0
github.com/dropDatabas3/hellojohn/internal/http/controllers/admin/claims_controller.go:119.2,120.16 2 0
github.com/dropDatabas3/hellojohn/internal/http/controllers/admin/claims_controller.go:120.16,124.3 3 0
github.com/dropDatabas3/hellojohn/internal/http/controllers/admin/claims_controller.go:126.2,126.36 1 0
github.com/dropDatabas3/hellojohn/internal/http/controllers/admin/claims_controller.go:130.86,135.16 4 0
github.com/dropDatabas3/hellojohn/internal/http/controllers/admin/claims_controller.go:135.16,138.3 2 0
github.com/dropDatabas3/hellojohn/internal/http/controllers/admin/claims_controller.go:140.2,141.19 2 0
github.com/dropDatabas3/hellojohn/internal/http/controllers/admin/claims_controller.go:141.19,144.3 2 0
github.com/dropDatabas3/hellojohn/internal/http/controllers/admin/claims_controller.go:146.2,147.61 2 0
github.com/dropDatabas3/hellojohn/internal/http/controllers/admin/claims_controller.go:147.61,150.3 2 0
github.com/dropDatabas3/hellojohn/internal/http/controllers/admin/claims_controller.go:152.2,153.16 2 0
github.com/dropDatabas3/hellojohn/internal/http/controllers/admin/claims_controller.go:153.16,157.3 3 0
github.com/dropDatabas3/hellojohn/internal/http/controllers/admin/claims_controller.go:159.2,160.36 2 0
github.com/dropDatabas3/hellojohn/internal/http/controllers/admin/claims_controller.go:164.86,169.16 4 0
github.com/dropDatabas3/hellojohn/internal/http/controllers/admin/claims_controller.go:169.16,172.3 2 0
github.com/dropDatabas3/hellojohn/internal/http/controllers/admin/claims_controller.go:174.2,175.19 2 0
github.com/dropDatabas3/hellojohn/internal/http/controllers/admin/claims_controller.go:175.19,178.3 2 0
github.com/dropDatabas3/hellojohn/internal/http/controllers/admin/claims_controller.go:180.2,180.78 1 0
github.com/dropDatabas3/hellojohn/internal/http/controllers/admin/claims_controller.go:180.78,184.3 3 0
github.com/dropDatabas3/hellojohn/internal/http/controllers/admin/claims_controller.go:186.2,187.63 2 0
github.com/dropDatabas3/hellojohn/internal/http/controllers/admin/claims_controller.go:191.88,196.16 4 0
github.com/dropDatabas3/hellojohn/internal/http/controllers/admin/claims_controller.go:196.16,199.3 2 0
github.com/dropDatabas3/hellojohn/internal/http/controllers/admin/claims_controller.go:201.2,202.21 2 0
github.com/dropDatabas3/hellojohn/internal/http/controllers/admin/claims_controller.go:202.21,205.3 2 0
github.com/dropDatabas3/hellojohn/internal/http/controllers/admin/claims_controller.go:207.2,208.61 2 0
github.com/dropDatabas3/hellojohn/internal/http/controllers/admin/claims_controller.go:208.61,211.3 2 0
github.com/dropDatabas3/hellojohn/internal/http/controllers/admin/claims_controller.go:213.2,213.95 1 0
github.com/dropDatabas3/hellojohn/internal/http/controllers/admin/claims_controller.go:213.95,217.3 3 0
github.com/dropDatabas3/hellojohn/internal/http/controllers/admin/claims_controller.go:219.2,220.63 2 0
github.com/dropDatabas3/hellojohn/internal/http/controllers/admin/claims_controller.go:224.80,229.16 4 0
github.com/dropDatabas3/hellojohn/internal/http/controllers/admin/claims_controller.go:229.16,232.3 2 0
github.com/dropDatabas3/hellojohn/internal/http/controllers/admin/claims_controller.go:234.2,235.16 2 0
github.com/dropDatabas3/hellojohn/internal/http/controllers/admin/claims_controller.go:235.16,239.3 3 0
github.com/dropDatabas3/hellojohn/internal/http/controllers/admin/claims_controller.go:241.2,241.39 1 0
github.com/dropDatabas3/hellojohn/internal/http/controllers/admin/claims_controller.go:245.83,250.16 4 0
github.com/dropDatabas3/hellojohn/internal/http/controllers/admin/claims_controller.go:250.16,253.3 2 0
github.com/dropDatabas3/hellojohn/internal/http/controllers/admin/claims_controller.go:255.2,256.61 2 0
github.com/dropDatabas3/hellojohn/internal/http/controllers/admin/claims_controller.go:256.61,259.3 2 0
github.com/dropDatabas3/hellojohn/internal/http/controllers/admin/claims_controller.go:261.2,262.16 2 0
github.com/dropDatabas3/hellojohn/internal/http/controllers/admin/claims_controller.go:262.16,266.3 3 0
github.com/dropDatabas3/hellojohn/internal/http/controllers/admin/claims_controller.go:268.2,269.39 2 0
github.com/dropDatabas3/hellojohn/internal/http/controllers/admin/claims_controller.go:273.85,278.16 4 0
github.com/dropDatabas3/hellojohn/internal/http/controllers/admin/claims_controller.go:278.16,281.3 2 0
github.com/dropDatabas3/hellojohn/internal/http/controllers/admin/claims_controller.go:283.2,284.16 2 0
github.com/dropDatabas3/hellojohn/internal/http/controllers/admin/claims_controller.go:284.16,288.3 3 0
github.com/dropDatabas3/hellojohn/internal/http/controllers/admin/claims_controller.go:290.2,290.39 1 0
github.com/dropDatabas3/hellojohn/internal/http/controllers/admin/claims_controller.go:295.41,297.38 2 0
github.com/dropDatabas3/hellojohn/internal/http/controllers/admin/claims_controller.go:297.38,299.3 1 0
github.com/dropDatabas3/hellojohn/internal/http/controllers/admin/claims_controller.go:300.2,300.41 1 0
github.com/dropDatabas3/hellojohn/internal/http/controllers/admin/claims_controller.go:303.51,305.38 2 0
github.com/dropDatabas3/hellojohn/internal/http/controllers/admin/claims_controller.go:305.38,307.3 1 0
github.com/dropDatabas3/hellojohn/internal/http/controllers/admin/claims_controller.go:308.2,308.41 1 0
github.com/dropDatabas3/hellojohn/internal/http/controllers/admin/claims_controller.go:311.52,313.9 2 0
github.com/dropDatabas3/hellojohn/internal/http/controllers/admin/claims_controller.go:314.45,315.51 1 0
github.com/dropDatabas3/hellojohn/internal/http/controllers/admin/claims_controller.go:316.50,317.51 1 0
github.com/dropDatabas3/hellojohn/internal/http/controllers/admin/claims_controller.go:318.44,319.53 1 0
github.com/dropDatabas3/hellojohn/internal/http/controllers/admin/claims_controller.go:320.43,321.53 1 0
github.com/dropDatabas3/hellojohn/internal/http/controllers/admin/claims_controller.go:322.10,323.58 1 0
github.com/dropDatabas3/hellojohn/internal/http/controllers/admin/clients_controller.go:24.73,26.2 1 0
github.com/dropDatabas3/hellojohn/internal/http/controllers/admin/clients_controller.go:29.81,38.16 4 0
github.com/dropDatabas3/hellojohn/internal/http/controllers/admin/clients_controller.go:38.16,41.3 2 0
github.com/dropDatabas3/hellojohn/internal/http/controllers/admin/clients_controller.go:43.2,46.16 3 0
github.com/dropDatabas3/hellojohn/internal/http/controllers/admin/clients_controller.go:46.16,50.3 3 0
github.com/dropDatabas3/hellojohn/internal/http/controllers/admin/clients_controller.go:52.2,53.29 2 0
github.com/dropDatabas3/hellojohn/internal/http/controllers/admin/clients_controller.go:53.29,55.3 1 0
github.com/dropDatabas3/hellojohn/internal/http/controllers/admin/clients_controller.go:57.2,57.35 1 0
github.com/dropDatabas3/hellojohn/internal/http/controllers/admin/clients_controller.go:61.82,69.16 4 0
github.com/dropDatabas3/hellojohn/internal/http/controllers/admin/clients_controller.go:69.16,72.3 2 0
github.com/dropDatabas3/hellojohn/internal/http/controllers/admin/clients_controller.go:74.2,77.93 3 0
github.com/dropDatabas3/hellojohn/internal/http/controllers/admin/clients_controller.go:77.93,80.3 2 0
github.com/dropDatabas3/hellojohn/internal/http/controllers/admin/clients_controller.go:82.2,85.16 3 0
github.com/dropDatabas3/hellojohn/internal/http/controllers/admin/clients_controller.go:85.16,89.3 3 0
github.com/dropDatabas3/hellojohn/internal/http/controllers/admin/clients_controller.go:91.2,92.61 2 0
github.com/dropDatabas3/hellojohn/internal/http/controllers/admin/clients_controller.go:96.82,104.16 4 0
github.com/dropDatabas3/hellojohn/internal/http/controllers/admin/clients_controller.go:104.16,107.3 2 0
github.com/dropDatabas3/hellojohn/internal/http/controllers/admin/clients_controller.go:110.2,111.20 2 0
github.com/dropDatabas3/hellojohn/internal/http/controllers/admin/clients_controller.go:111.20,114.3 2 0
github.com/dropDatabas3/hellojohn/internal/http/controllers/admin/clients_controller.go:116.2,119.93 3 0
github.com/dropDatabas3/hellojohn/internal/http/controllers/admin/clients_controller.go:119.93,122.3 2 0
github.com/dropDatabas3/hellojohn/internal/http/controllers/admin/clients_controller.go:125.2,129.16 4 0
github.com/dropDatabas3/hellojohn/internal/http/controllers/admin/clients_controller.go:129.16,133.3 3 0
github.com/dropDatabas3/hellojohn/internal/http/controllers/admin/clients_controller.go:135.2,136.56 2 0
github.com/dropDatabas3/hellojohn/internal/http/controllers/admin/clients_controller.go:140.82,148.16 4 0
github.com/dropDatabas3/hellojohn/internal/http/controllers/admin/clients_controller.go:148.16,151.3 2 0
github.com/dropDatabas3/hellojohn/internal/http/controllers/admin/clients_controller.go:153.2,154.20 2 0
github.com/dropDatabas3/hellojohn/internal/http/controllers/admin/clients_controller.go:154.20,157.3 2 0
github.com/dropDatabas3/hellojohn/internal/http/controllers/admin/clients_controller.go:159.2,161.68 2 0
github.com/dropDatabas3/hellojohn/internal/http/controllers/admin/clients_controller.go:161.68,165.3 3 0
github.com/dropDatabas3/hellojohn/internal/http/controllers/admin/clients_controller.go:167.2,168.63 2 0
github.com/dropDatabas3/hellojohn/internal/http/controllers/admin/clients_controller.go:172.82,180.16 4 0
github.com/dropDatabas3/hellojohn/internal/http/controllers/admin/clients_controller.go:180.16,183.3 2 0
github.com/dropDatabas3/hellojohn/internal/http/controllers/admin/clients_controller.go:186.2,187.20 2 0
github.com/dropDatabas3/hellojohn/internal/http/controllers/admin/clients_controller.go:187.20,190.3 2 0
github.com/dropDatabas3/hellojohn/internal/http/controllers/admin/clients_controller.go:192.2,196.16 3 0
github.com/dropDatabas3/hellojohn/internal/http/controllers/admin/clients_controller.go:196.16,200.3 3 0
github.com/dropDatabas3/hellojohn/internal/http/controllers/admin/clients_controller.go:202.2,209.4 2 0
github.com/dropDatabas3/hellojohn/internal/http/controllers/admin/clients_controller.go:214.42,217.36 2 0
github.com/dropDatabas3/hellojohn/internal/http/controllers/admin/clients_controller.go:217.36,219.3 1 0
github.com/dropDatabas3/hellojohn/internal/http/controllers/admin/clients_controller.go:220.2,222.45 2 0
github.com/dropDatabas3/hellojohn/internal/http/controllers/admin/clients_controller.go:222.45,224.3 1 0
github.com/dropDatabas3/hellojohn/internal/http/controllers/admin/clients_controller.go:225.2,225.37 1 0
github.com/dropDatabas3/hellojohn/internal/http/controllers/admin/clients_controller.go:228.51,231.36 2 0
github.com/dropDatabas3/hellojohn/internal/http/controllers/admin/clients_controller.go:231.36,233.3 1 0
github.com/dropDatabas3/hellojohn/internal/http/controllers/admin/clients_controller.go:234.2,236.46 2 0
github.com/dropDatabas3/hellojohn/internal/http/controllers/admin/clients_controller.go:236.46,238.3 1 0
github.com/dropDatabas3/hellojohn/internal/http/controllers/admin/clients_controller.go:239.2,240.36 2 0
github.com/dropDatabas3/hellojohn/internal/http/controllers/admin/clients_controller.go:243.68,264.2 1 0
github.com/dropDatabas3/hellojohn/internal/http/controllers/admin/clients_controller.go:266.64,289.2 1 0
github.com/dropDatabas3/hellojohn/internal/http/controllers/admin/clients_controller.go:291.47,292.9 1 0
github.com/dropDatabas3/hellojohn/internal/http/controllers/admin/clients_controller.go:293.23,294.56 1 0
github.com/dropDatabas3/hellojohn/internal/http/controllers/admin/clients_controller.go:295.23,296.56 1 0
github.com/dropDatabas3/hellojohn/internal/http/controllers/admin/clients_controller.go:297.23,298.58 1 0
github.com/dropDatabas3/hellojohn/internal/http/controllers/admin/clients_controller.go:299.10,300.58 1 0
github.com/dropDatabas3/hellojohn/internal/http/controllers/admin/clients_controller.go:304.33,306.2 1 0
github.com/dropDatabas3/hellojohn/internal/http/controllers/admin/clients_controller.go:308.33,310.2 1 0
github.com/dropDatabas3/hellojohn/internal/http/controllers/admin/clients_controller.go:312.33,314.2 1 0
github.com/dropDatabas3/hellojohn/internal/http/controllers/admin/clients_controller.go:316.58,320.2 3 0
github.com/dropDatabas3/hellojohn/internal/http/controllers/admin/cluster_controller.go:23.74,27.2 1 0
github.com/dropDatabas3/hellojohn/internal/http/controllers/admin/cluster_controller.go:31.78,37.16 4 0
github.com/dropDatabas3/hellojohn/internal/http/controllers/admin/cluster_controller.go:37.16,40.3 2 0
github.com/dropDatabas3/hellojohn/internal/http/controllers/admin/cluster_controller.go:43.2,47.4 3 0
github.com/dropDatabas3/hellojohn/internal/http/controllers/admin/cluster_controller.go:52.78,58.16 4 0
github.com/dropDatabas3/hellojohn/internal/http/controllers/admin/cluster_controller.go:58.16,61.3 2 0
github.com/dropDatabas3/hellojohn/internal/http/controllers/admin/cluster_controller.go:64.2,68.4 3 0
github.com/dropDatabas3/hellojohn/internal/http/controllers/admin/cluster_controller.go:73.77,79.61 4 0
github.com/dropDatabas3/hellojohn/internal/http/controllers/admin/cluster_controller.go:79.61,83.3 3 0
github.com/dropDatabas3/hellojohn/internal/http/controllers/admin/cluster_controller.go:86.2,86.52 1 0
github.com/dropDatabas3/hellojohn/internal/http/controllers/admin/cluster_controller.go:86.52,89.3 2 0
github.com/dropDatabas3/hellojohn/internal/http/controllers/admin/cluster_controller.go:92.2,96.4 3 0
github.com/dropDatabas3/hellojohn/internal/http/controllers/admin/cluster_controller.go:101.80,109.20 5 0
github.com/dropDatabas3/hellojohn/internal/http/controllers/admin/cluster_controller.go:109.20,112.3 2 0
github.com/dropDatabas3/hellojohn/internal/http/controllers/admin/cluster_controller.go:113.2,115.18 2 0
github.com/dropDatabas3/hellojohn/internal/http/controllers/admin/cluster_controller.go:115.18,118.3 2 0
github.com/dropDatabas3/hellojohn/internal/http/controllers/admin/cluster_controller.go:121.2,121.58 1 0
github.com/dropDatabas3/hellojohn/internal/http/controllers/admin/cluster_controller.go:121.58,124.3 2 0
github.com/dropDatabas3/hellojohn/internal/http/controllers/admin/cluster_controller.go:127.2,131.4 3 0
github.com/dropDatabas3/hellojohn/internal/http/controllers/admin/cluster_controller.go:136.91,138.46 1 0
github.com/dropDatabas3/hellojohn/internal/http/controllers/admin/cluster_controller.go:138.46,141.3 2 0
github.com/dropDatabas3/hellojohn/internal/http/controllers/admin/cluster_controller.go:144.2,144.50 1 0
github.com/dropDatabas3/hellojohn/internal/http/controllers/admin/cluster_controller.go:144.50,147.3 2 0
github.com/dropDatabas3/hellojohn/internal/http/controllers/admin/cluster_controller.go:150.2,150.91 1 0
github.com/dropDatabas3/hellojohn/internal/http/controllers/admin/cluster_controller.go:150.91,153.3 2 0
github.com/dropDatabas3/hellojohn/internal/http/controllers/admin/cluster_controller.go:156.2,157.61 2 0
github.com/dropDatabas3/hellojohn/internal/http/controllers/admin/consents_controller.go:27.76,29.2 1 0
github.com/dropDatabas3/hellojohn/internal/http/controllers/admin/consents_controller.go:32.77,37.16 4 0
github.com/dropDatabas3/hellojohn/internal/http/controllers/admin/consents_controller.go:37.16,40.3 2 0
github.com/dropDatabas3/hellojohn/internal/http/controllers/admin/consents_controller.go:42.2,43.61 2 0
github.com/dropDatabas3/hellojohn/internal/http/controllers/admin/consents_controller.go:43.61,46.3 2 0
github.com/dropDatabas3/hellojohn/internal/http/controllers/admin/consents_controller.go:49.2,49.68 1 0
github.com/dropDatabas3/hellojohn/internal/http/controllers/admin/consents_controller.go:49.68,52.3 2 0
github.com/dropDatabas3/hellojohn/internal/http/controllers/admin/consents_controller.go:53.2,53.50 1 0
github.com/dropDatabas3/hellojohn/internal/http/controllers/admin/consents_controller.go:53.50,56.3 2 0
github.com/dropDatabas3/hellojohn/internal/http/controllers/admin/consents_controller.go:58.2,59.16 2 0
github.com/dropDatabas3/hellojohn/internal/http/controllers/admin/consents_controller.go:59.16,63.3 3 0
github.com/dropDatabas3/hellojohn/internal/http/controllers/admin/consents_controller.go:65.2,65.58 1 0
github.com/dropDatabas3/hellojohn/internal/http/controllers/admin/consents_controller.go:69.81,74.16 4 0
github.com/dropDatabas3/hellojohn/internal/http/controllers/admin/consents_controller.go:74.16,77.3 2 0
github.com/dropDatabas3/hellojohn/internal/http/controllers/admin/consents_controller.go:80.2,81.18 2 0
github.com/dropDatabas3/hellojohn/internal/http/controllers/admin/consents_controller.go:81.18,83.3 1 0
github.com/dropDatabas3/hellojohn/internal/http/controllers/admin/consents_controller.go:84.2,84.18 1 0
github.com/dropDatabas3/hellojohn/internal/http/controllers/admin/consents_controller.go:84.18,87.3 2 0
github.com/dropDatabas3/hellojohn/internal/http/controllers/admin/consents_controller.go:88.2,88.46 1 0
github.com/dropDatabas3/hellojohn/internal/http/controllers/admin/consents_controller.go:88.46,91.3 2 0
github.com/dropDatabas3/hellojohn/internal/http/controllers/admin/consents_controller.go:93.2,96.16 3 0
github.com/dropDatabas3/hellojohn/internal/http/controllers/admin/consents_controller.go:96.16,100.3 3 0
github.com/dropDatabas3/hellojohn/internal/http/controllers/admin/consents_controller.go:102.2,102.62 1 0
github.com/dropDatabas3/hellojohn/internal/http/controllers/admin/consents_controller.go:106.75,111.16 4 0
github.com/dropDatabas3/hellojohn/internal/http/controllers/admin/consents_controller.go:111.16,114.3 2 0
github.com/dropDatabas3/hellojohn/internal/http/controllers/admin/consents_controller.go:116.2,121.36 4 0
github.com/dropDatabas3/hellojohn/internal/http/controllers/admin/consents_controller.go:121.36,122.47 1 0
github.com/dropDatabas3/hellojohn/internal/http/controllers/admin/consents_controller.go:122.47,125.4 2 0
github.com/dropDatabas3/hellojohn/internal/http/controllers/admin/consents_controller.go:127.3,128.17 2 0
github.com/dropDatabas3/hellojohn/internal/http/controllers/admin/consents_controller.go:128.17,129.23 1 0
github.com/dropDatabas3/hellojohn/internal/http/controllers/admin/consents_controller.go:129.23,132.5 2 0
github.com/dropDatabas3/hellojohn/internal/http/controllers/admin/consents_controller.go:133.4,135.10 3 0
github.com/dropDatabas3/hellojohn/internal/http/controllers/admin/consents_controller.go:139.3,139.45 1 0
github.com/dropDatabas3/hellojohn/internal/http/controllers/admin/consents_controller.go:139.45,142.4 2 0
github.com/dropDatabas3/hellojohn/internal/http/controllers/admin/consents_controller.go:144.3,145.9 2 0
github.com/dropDatabas3/hellojohn/internal/http/controllers/admin/consents_controller.go:149.2,149.18 1 0
github.com/dropDatabas3/hellojohn/internal/http/controllers/admin/consents_controller.go:149.18,150.47 1 0
github.com/dropDatabas3/hellojohn/internal/http/controllers/admin/consents_controller.go:150.47,153.4 2 0
github.com/dropDatabas3/hellojohn/internal/http/controllers/admin/consents_controller.go:155.3,156.17 2 0
github.com/dropDatabas3/hellojohn/internal/http/controllers/admin/consents_controller.go:156.17,160.4 3 0
github.com/dropDatabas3/hellojohn/internal/http/controllers/admin/consents_controller.go:162.3,163.9 2 0
github.com/dropDatabas3/hellojohn/internal/http/controllers/admin/consents_controller.go:167.2,171.16 4 0
github.com/dropDatabas3/hellojohn/internal/http/controllers/admin/consents_controller.go:171.16,175.3 3 0
github.com/dropDatabas3/hellojohn/internal/http/controllers/admin/consents_controller.go:177.2,182.4 1 0
github.com/dropDatabas3/hellojohn/internal/http/controllers/admin/consents_controller.go:186.77,191.16 4 0
github.com/dropDatabas3/hellojohn/internal/http/controllers/admin/consents_controller.go:191.16,194.3 2 0
github.com/dropDatabas3/hellojohn/internal/http/controllers/admin/consents_controller.go:196.2,197.61 2 0
github.com/dropDatabas3/hellojohn/internal/http/controllers/admin/consents_controller.go:197.61,200.3 2 0
github.com/dropDatabas3/hellojohn/internal/http/controllers/admin/consents_controller.go:202.2,202.44 1 0
github.com/dropDatabas3/hellojohn/internal/http/controllers/admin/consents_controller.go:202.44,205.3 2 0
github.com/dropDatabas3/hellojohn/internal/http/controllers/admin/consents_controller.go:206.2,206.50 1 0
github.com/dropDatabas3/hellojohn/internal/http/controllers/admin/consents_controller.go:206.50,209.3 2 0
github.com/dropDatabas3/hellojohn/internal/http/controllers/admin/consents_controller.go:212.2,213.18 2 0
github.com/dropDatabas3/hellojohn/internal/http/controllers/admin/consents_controller.go:213.18,215.17 2 0
github.com/dropDatabas3/hellojohn/internal/http/controllers/admin/consents_controller.go:215.17,218.4 2 0
github.com/dropDatabas3/hellojohn/internal/http/controllers/admin/consents_controller.go:219.3,219.9 1 0
github.com/dropDatabas3/hellojohn/internal/http/controllers/admin/consents_controller.go:222.2,222.81 1 0
github.com/dropDatabas3/hellojohn/internal/http/controllers/admin/consents_controller.go:222.81,226.3 3 0
github.com/dropDatabas3/hellojohn/internal/http/controllers/admin/consents_controller.go:228.2,228.37 1 0
github.com/dropDatabas3/hellojohn/internal/http/controllers/admin/consents_controller.go:232.77,237.16 4 0
github.com/dropDatabas3/hellojohn/internal/http/controllers/admin/consents_controller.go:237.16,240.3 2 0
github.com/dropDatabas3/hellojohn/internal/http/controllers/admin/consents_controller.go:243.2,244.36 2 0
github.com/dropDatabas3/hellojohn/internal/http/controllers/admin/consents_controller.go:244.36,247.3 2 0
github.com/dropDatabas3/hellojohn/internal/http/controllers/admin/consents_controller.go:248.2,248.46 1 0
github.com/dropDatabas3/hellojohn/internal/http/controllers/admin/consents_controller.go:248.46,251.3 2 0
github.com/dropDatabas3/hellojohn/internal/http/controllers/admin/consents_controller.go:253.2,253.81 1 0
github.com/dropDatabas3/hellojohn/internal/http/controllers/admin/consents_controller.go:253.81,257.3 3 0
github.com/dropDatabas3/hellojohn/internal/http/controllers/admin/consents_controller.go:259.2,259.37 1 0
github.com/dropDatabas3/hellojohn/internal/http/controllers/admin/consents_controller.go:264.48,266.38 2 0
github.com/dropDatabas3/hellojohn/internal/http/controllers/admin/consents_controller.go:266.38,268.3 1 0
github.com/dropDatabas3/hellojohn/internal/http/controllers/admin/consents_controller.go:269.2,269.41 1 0
github.com/dropDatabas3/hellojohn/internal/http/controllers/admin/consents_controller.go:272.70,274.38 2 0
github.com/dropDatabas3/hellojohn/internal/http/controllers/admin/consents_controller.go:274.38,276.3 1 0
github.com/dropDatabas3/hellojohn/internal/http/controllers/admin/consents_controller.go:277.2,279.21 3 0
github.com/dropDatabas3/hellojohn/internal/http/controllers/admin/consents_controller.go:279.21,281.3 1 0
github.com/dropDatabas3/hellojohn/internal/http/controllers/admin/consents_controller.go:282.2,282.27 1 0
github.com/dropDatabas3/hellojohn/internal/http/controllers/admin/consents_controller.go:285.66,296.2 1 0
github.com/dropDatabas3/hellojohn/internal/http/controllers/admin/consents_controller.go:298.81,300.29 2 0
github.com/dropDatabas3/hellojohn/internal/http/controllers/admin/consents_controller.go:300.29,302.3 1 0
github.com/dropDatabas3/hellojohn/internal/http/controllers/admin/consents_controller.go:303.2,303.15 1 0
github.com/dropDatabas3/hellojohn/internal/http/controllers/admin/consents_controller.go:306.54,307.9 1 0
github.com/dropDatabas3/hellojohn/internal/http/controllers/admin/consents_controller.go:308.23,309.56 1 0
github.com/dropDatabas3/hellojohn/internal/http/controllers/admin/consents_controller.go:310.33,311.66 1 0
github.com/dropDatabas3/hellojohn/internal/http/controllers/admin/consents_controller.go:312.23,313.58 1 0
github.com/dropDatabas3/hellojohn/internal/http/controllers/admin/consents_controller.go:314.10,315.58 1 0
github.com/dropDatabas3/hellojohn/internal/http/controllers/admin/consents_controller.go:319.43,321.2 1 0
github.com/dropDatabas3/hellojohn/internal/http/controllers/admin/consents_controller.go:323.54,324.13 1 0
github.com/dropDatabas3/hellojohn/internal/http/controllers/admin/consents_controller.go:324.13,326.3 1 0
github.com/dropDatabas3/hellojohn/internal/http/controllers/admin/consents_controller.go:327.2,328.25 2 0
github.com/dropDatabas3/hellojohn/internal/http/controllers/admin/consents_controller.go:328.25,330.3 1 0
github.com/dropDatabas3/hellojohn/internal/http/controllers/admin/consents_controller.go:331.2,331.10 1 0
github.com/dropDatabas3/hellojohn/internal/http/controllers/admin/controllers.go:32.71,49.2 1 0
github.com/dropDatabas3/hellojohn/internal/http/controllers/admin/keys_controller.go:17.65,19.2 1 0
github.com/dropDatabas3/hellojohn/internal/http/controllers/admin/keys_controller.go:22.75,27.16 4 0
github.com/dropDatabas3/hellojohn/internal/http/controllers/admin/keys_controller.go:27.16,30.3 2 0
github.com/dropDatabas3/hellojohn/internal/http/controllers/admin/keys_controller.go:32.2,33.57 2 0
github.com/dropDatabas3/hellojohn/internal/http/controllers/admin/keys_controller.go:37.73,39.15 2 0
github.com/dropDatabas3/hellojohn/internal/http/controllers/admin/keys_controller.go:39.15,42.3 2 0
github.com/dropDatabas3/hellojohn/internal/http/controllers/admin/keys_controller.go:44.2,46.16 3 0
github.com/dropDatabas3/hellojohn/internal/http/controllers/admin/keys_controller.go:46.16,49.3 2 0
github.com/dropDatabas3/hellojohn/internal/http/controllers/admin/keys_controller.go:51.2,52.32 2 0
github.com/dropDatabas3/hellojohn/internal/http/controllers/admin/keys_controller.go:56.77,60.61 3 0
github.com/dropDatabas3/hellojohn/internal/http/controllers/admin/keys_controller.go:60.61,63.3 2 0
github.com/dropDatabas3/hellojohn/internal/http/controllers/admin/keys_controller.go:65.2,65.27 1 0
github.com/dropDatabas3/hellojohn/internal/http/controllers/admin/keys_controller.go:65.27,67.3 1 0
github.com/dropDatabas3/hellojohn/internal/http/controllers/admin/keys_controller.go:69.2,70.16 2 0
github.com/dropDatabas3/hellojohn/internal/http/controllers/admin/keys_controller.go:70.16,73.3 2 0
github.com/dropDatabas3/hellojohn/internal/http/controllers/admin/keys_controller.go:75.2,76.35 2 0
github.com/dropDatabas3/hellojohn/internal/http/controllers/admin/keys_controller.go:80.76,82.15 2 0
github.com/dropDatabas3/hellojohn/internal/http/controllers/admin/keys_controller.go:82.15,85.3 2 0
github.com/dropDatabas3/hellojohn/internal/http/controllers/admin/keys_controller.go:87.2,88.54 2 0
github.com/dropDatabas3/hellojohn/internal/http/controllers/admin/keys_controller.go:88.54,91.3 2 0
github.com/dropDatabas3/hellojohn/internal/http/controllers/admin/keys_controller.go:93.2,93.37 1 0
github.com/dropDatabas3/hellojohn/internal/http/controllers/admin/keys_controller.go:96.45,99.62 2 0
github.com/dropDatabas3/hellojohn/internal/http/controllers/admin/keys_controller.go:99.62,101.3 1 0
github.com/dropDatabas3/hellojohn/internal/http/controllers/admin/keys_controller.go:102.2,102.11 1 0
github.com/dropDatabas3/hellojohn/internal/http/controllers/admin/mailing_controller.go:20.74,22.2 1 0
github.com/dropDatabas3/hellojohn/internal/http/controllers/admin/mailing_controller.go:25.83,29.33 3 0
github.com/dropDatabas3/hellojohn/internal/http/controllers/admin/mailing_controller.go:29.33,33.3 3 0
github.com/dropDatabas3/hellojohn/internal/http/controllers/admin/mailing_controller.go:36.2,40.61 3 0
github.com/dropDatabas3/hellojohn/internal/http/controllers/admin/mailing_controller.go:40.61,43.3 2 0
github.com/dropDatabas3/hellojohn/internal/http/controllers/admin/mailing_controller.go:46.2,59.16 6 0
github.com/dropDatabas3/hellojohn/internal/http/controllers/admin/mailing_controller.go:59.16,60.14 1 0
github.com/dropDatabas3/hellojohn/internal/http/controllers/admin/mailing_controller.go:61.32,62.91 1 0
github.com/dropDatabas3/hellojohn/internal/http/controllers/admin/mailing_controller.go:63.34,64.100 1 0
github.com/dropDatabas3/hellojohn/internal/http/controllers/admin/mailing_controller.go:65.11,67.94 2 0
github.com/dropDatabas3/hellojohn/internal/http/controllers/admin/mailing_controller.go:69.3,69.9 1 0
github.com/dropDatabas3/hellojohn/internal/http/controllers/admin/mailing_controller.go:73.2,78.43 5 0
github.com/dropDatabas3/hellojohn/internal/http/controllers/admin/rbac_controller.go:23.65,25.2 1 0
github.com/dropDatabas3/hellojohn/internal/http/controllers/admin/rbac_controller.go:28.79,33.16 4 0
github.com/dropDatabas3/hellojohn/internal/http/controllers/admin/rbac_controller.go:33.16,36.3 2 0
github.com/dropDatabas3/hellojohn/internal/http/controllers/admin/rbac_controller.go:38.2,39.18 2 0
github.com/dropDatabas3/hellojohn/internal/http/controllers/admin/rbac_controller.go:39.18,42.3 2 0
github.com/dropDatabas3/hellojohn/internal/http/controllers/admin/rbac_controller.go:43.2,43.46 1 0
github.com/dropDatabas3/hellojohn/internal/http/controllers/admin/rbac_controller.go:43.46,46.3 2 0
github.com/dropDatabas3/hellojohn/internal/http/controllers/admin/rbac_controller.go:48.2,49.16 2 0
github.com/dropDatabas3/hellojohn/internal/http/controllers/admin/rbac_controller.go:49.16,53.3 3 0
github.com/dropDatabas3/hellojohn/internal/http/controllers/admin/rbac_controller.go:55.2,58.4 1 0
github.com/dropDatabas3/hellojohn/internal/http/controllers/admin/rbac_controller.go:62.82,67.16 4 0
github.com/dropDatabas3/hellojohn/internal/http/controllers/admin/rbac_controller.go:67.16,70.3 2 0
github.com/dropDatabas3/hellojohn/internal/http/controllers/admin/rbac_controller.go:72.2,73.18 2 0
github.com/dropDatabas3/hellojohn/internal/http/controllers/admin/rbac_controller.go:73.18,76.3 2 0
github.com/dropDatabas3/hellojohn/internal/http/controllers/admin/rbac_controller.go:77.2,77.46 1 0
github.com/dropDatabas3/hellojohn/internal/http/controllers/admin/rbac_controller.go:77.46,80.3 2 0
github.com/dropDatabas3/hellojohn/internal/http/controllers/admin/rbac_controller.go:82.2,83.93 2 0
github.com/dropDatabas3/hellojohn/internal/http/controllers/admin/rbac_controller.go:83.93,86.3 2 0
github.com/dropDatabas3/hellojohn/internal/http/controllers/admin/rbac_controller.go:88.2,89.16 2 0
github.com/dropDatabas3/hellojohn/internal/http/controllers/admin/rbac_controller.go:89.16,93.3 3 0
github.com/dropDatabas3/hellojohn/internal/http/controllers/admin/rbac_controller.go:95.2,99.4 2 0
github.com/dropDatabas3/hellojohn/internal/http/controllers/admin/rbac_controller.go:103.79,108.16 4 0
github.com/dropDatabas3/hellojohn/internal/http/controllers/admin/rbac_controller.go:108.16,111.3 2 0
github.com/dropDatabas3/hellojohn/internal/http/controllers/admin/rbac_controller.go:113.2,114.16 2 0
github.com/dropDatabas3/hellojohn/internal/http/controllers/admin/rbac_controller.go:114.16,117.3 2 0
github.com/dropDatabas3/hellojohn/internal/http/controllers/admin/rbac_controller.go:119.2,120.16 2 0
github.com/dropDatabas3/hellojohn/internal/http/controllers/admin/rbac_controller.go:120.16,124.3 3 0
github.com/dropDatabas3/hellojohn/internal/http/controllers/admin/rbac_controller.go:126.2,130.4 1 0
github.com/dropDatabas3/hellojohn/internal/http/controllers/admin/rbac_controller.go:134.82,139.16 4 0
github.com/dropDatabas3/hellojohn/internal/http/controllers/admin/rbac_controller.go:139.16,142.3 2 0
github.com/dropDatabas3/hellojohn/internal/http/controllers/admin/rbac_controller.go:144.2,145.16 2 0
github.com/dropDatabas3/hellojohn/internal/http/controllers/admin/rbac_controller.go:145.16,148.3 2 0
github.com/dropDatabas3/hellojohn/internal/http/controllers/admin/rbac_controller.go:150.2,151.93 2 0
github.com/dropDatabas3/hellojohn/internal/http/controllers/admin/rbac_controller.go:151.93,154.3 2 0
github.com/dropDatabas3/hellojohn/internal/http/controllers/admin/rbac_controller.go:156.2,157.16 2 0
github.com/dropDatabas3/hellojohn/internal/http/controllers/admin/rbac_controller.go:157.16,161.3 3 0
github.com/dropDatabas3/hellojohn/internal/http/controllers/admin/rbac_controller.go:163.2,168.4 2 0
github.com/dropDatabas3/hellojohn/internal/http/controllers/admin/rbac_controller.go:174.52,177.74 3 0
github.com/dropDatabas3/hellojohn/internal/http/controllers/admin/rbac_controller.go:177.74,179.3 1 0
github.com/dropDatabas3/hellojohn/internal/http/controllers/admin/rbac_controller.go:180.2,181.31 2 0
github.com/dropDatabas3/hellojohn/internal/http/controllers/admin/rbac_controller.go:185.50,188.74 3 0
github.com/dropDatabas3/hellojohn/internal/http/controllers/admin/rbac_controller.go:188.74,190.3 1 0
github.com/dropDatabas3/hellojohn/internal/http/controllers/admin/rbac_controller.go:191.2,192.31 2 0
github.com/dropDatabas3/hellojohn/internal/http/controllers/admin/rbac_controller.go:196.50,198.38 2 0
github.com/dropDatabas3/hellojohn/internal/http/controllers/admin/rbac_controller.go:198.38,200.3 1 0
github.com/dropDatabas3/hellojohn/internal/http/controllers/admin/rbac_controller.go:201.2,203.46 2 0
github.com/dropDatabas3/hellojohn/internal/http/controllers/admin/rbac_controller.go:203.46,205.3 1 0
github.com/dropDatabas3/hellojohn/internal/http/controllers/admin/rbac_controller.go:206.2,206.32 1 0
github.com/dropDatabas3/hellojohn/internal/http/controllers/admin/rbac_controller.go:209.51,210.45 1 0
github.com/dropDatabas3/hellojohn/internal/http/controllers/admin/rbac_controller.go:210.45,212.3 1 0
github.com/dropDatabas3/hellojohn/internal/http/controllers/admin/rbac_controller.go:213.2,214.9 2 0
github.com/dropDatabas3/hellojohn/internal/http/controllers/admin/rbac_controller.go:215.45,216.51 1 0
github.com/dropDatabas3/hellojohn/internal/http/controllers/admin/rbac_controller.go:217.47,218.61 1 0
github.com/dropDatabas3/hellojohn/internal/http/controllers/admin/rbac_controller.go:219.53,220.53 1 0
github.com/dropDatabas3/hellojohn/internal/http/controllers/admin/rbac_controller.go:221.61,222.52 1 0
github.com/dropDatabas3/hellojohn/internal/http/controllers/admin/rbac_controller.go:223.61,224.52 1 0
github.com/dropDatabas3/hellojohn/internal/http/controllers/admin/rbac_controller.go:225.10,226.58 1 0
github.com/dropDatabas3/hellojohn/internal/http/controllers/admin/rbac_controller.go:233.76,238.16 4 0
github.com/dropDatabas3/hellojohn/internal/http/controllers/admin/rbac_controller.go:238.16,241.3 2 0
github.com/dropDatabas3/hellojohn/internal/http/controllers/admin/rbac_controller.go:243.2,244.16 2 0
github.com/dropDatabas3/hellojohn/internal/http/controllers/admin/rbac_controller.go:244.16,248.3 3 0
github.com/dropDatabas3/hellojohn/internal/http/controllers/admin/rbac_controller.go:250.2,250.61 1 0
github.com/dropDatabas3/hellojohn/internal/http/controllers/admin/rbac_controller.go:254.80,259.16 4 0
github.com/dropDatabas3/hellojohn/internal/http/controllers/admin/rbac_controller.go:259.16,262.3 2 0
github.com/dropDatabas3/hellojohn/internal/http/controllers/admin/rbac_controller.go:264.2,265.16 2 0
github.com/dropDatabas3/hellojohn/internal/http/controllers/admin/rbac_controller.go:265.16,268.3 2 0
github.com/dropDatabas3/hellojohn/internal/http/controllers/admin/rbac_controller.go:270.2,271.16 2 0
github.com/dropDatabas3/hellojohn/internal/http/controllers/admin/rbac_controller.go:271.16,275.3 3 0
github.com/dropDatabas3/hellojohn/internal/http/controllers/admin/rbac_controller.go:277.2,277.35 1 0
github.com/dropDatabas3/hellojohn/internal/http/controllers/admin/rbac_controller.go:281.77,286.16 4 0
github.com/dropDatabas3/hellojohn/internal/http/controllers/admin/rbac_controller.go:286.16,289.3 2 0
github.com/dropDatabas3/hellojohn/internal/http/controllers/admin/rbac_controller.go:291.2,292.93 2 0
github.com/dropDatabas3/hellojohn/internal/http/controllers/admin/rbac_controller.go:292.93,295.3 2 0
github.com/dropDatabas3/hellojohn/internal/http/controllers/admin/rbac_controller.go:297.2,297.20 1 0
github.com/dropDatabas3/hellojohn/internal/http/controllers/admin/rbac_controller.go:297.20,300.3 2 0
github.com/dropDatabas3/hellojohn/internal/http/controllers/admin/rbac_controller.go:302.2,303.16 2 0
github.com/dropDatabas3/hellojohn/internal/http/controllers/admin/rbac_controller.go:303.16,307.3 3 0
github.com/dropDatabas3/hellojohn/internal/http/controllers/admin/rbac_controller.go:309.2,310.40 2 0
github.com/dropDatabas3/hellojohn/internal/http/controllers/admin/rbac_controller.go:314.83,319.16 4 0
github.com/dropDatabas3/hellojohn/internal/http/controllers/admin/rbac_controller.go:319.16,322.3 2 0
github.com/dropDatabas3/hellojohn/internal/http/controllers/admin/rbac_controller.go:324.2,325.16 2 0
github.com/dropDatabas3/hellojohn/internal/http/controllers/admin/rbac_controller.go:325.16,328.3 2 0
github.com/dropDatabas3/hellojohn/internal/http/controllers/admin/rbac_controller.go:330.2,331.93 2 0
github.com/dropDatabas3/hellojohn/internal/http/controllers/admin/rbac_controller.go:331.93,334.3 2 0
github.com/dropDatabas3/hellojohn/internal/http/controllers/admin/rbac_controller.go:336.2,337.16 2 0
github.com/dropDatabas3/hellojohn/internal/http/controllers/admin/rbac_controller.go:337.16,341.3 3 0
github.com/dropDatabas3/hellojohn/internal/http/controllers/admin/rbac_controller.go:343.2,344.35 2 0
github.com/dropDatabas3/hellojohn/internal/http/controllers/admin/rbac_controller.go:348.83,353.16 4 0
github.com/dropDatabas3/hellojohn/internal/http/controllers/admin/rbac_controller.go:353.16,356.3 2 0
github.com/dropDatabas3/hellojohn/internal/http/controllers/admin/rbac_controller.go:358.2,359.16 2 0
github.com/dropDatabas3/hellojohn/internal/http/controllers/admin/rbac_controller.go:359.16,362.3 2 0
github.com/dropDatabas3/hellojohn/internal/http/controllers/admin/rbac_controller.go:364.2,364.61 1 0
github.com/dropDatabas3/hellojohn/internal/http/controllers/admin/rbac_controller.go:364.61,368.3 3 0
github.com/dropDatabas3/hellojohn/internal/http/controllers/admin/rbac_controller.go:370.2,371.62 2 0
github.com/dropDatabas3/hellojohn/internal/http/controllers/admin/rbac_controller.go:375.82,381.2 3 0
github.com/dropDatabas3/hellojohn/internal/http/controllers/admin/scopes_controller.go:22.70,24.2 1 0
github.com/dropDatabas3/hellojohn/internal/http/controllers/admin/scopes_controller.go:27.79,32.16 4 0
github.com/dropDatabas3/hellojohn/internal/http/controllers/admin/scopes_controller.go:32.16,35.3 2 0
github.com/dropDatabas3/hellojohn/internal/http/controllers/admin/scopes_controller.go:37.2,38.16 2 0
github.com/dropDatabas3/hellojohn/internal/http/controllers/admin/scopes_controller.go:38.16,42.3 3 0
github.com/dropDatabas3/hellojohn/internal/http/controllers/admin/scopes_controller.go:44.2,45.27 2 0
github.com/dropDatabas3/hellojohn/internal/http/controllers/admin/scopes_controller.go:45.27,47.3 1 0
github.com/dropDatabas3/hellojohn/internal/http/controllers/admin/scopes_controller.go:49.2,49.35 1 0
github.com/dropDatabas3/hellojohn/internal/http/controllers/admin/scopes_controller.go:53.80,58.16 4 0
github.com/dropDatabas3/hellojohn/internal/http/controllers/admin/scopes_controller.go:58.16,61.3 2 0
github.com/dropDatabas3/hellojohn/internal/http/controllers/admin/scopes_controller.go:63.2,64.61 2 0
github.com/dropDatabas3/hellojohn/internal/http/controllers/admin/scopes_controller.go:64.61,67.3 2 0
github.com/dropDatabas3/hellojohn/internal/http/controllers/admin/scopes_controller.go:69.2,70.20 2 0
github.com/dropDatabas3/hellojohn/internal/http/controllers/admin/scopes_controller.go:70.20,73.3 2 0
github.com/dropDatabas3/hellojohn/internal/http/controllers/admin/scopes_controller.go:75.2,77.16 3 0
github.com/dropDatabas3/hellojohn/internal/http/controllers/admin/scopes_controller.go:77.16,81.3 3 0
github.com/dropDatabas3/hellojohn/internal/http/controllers/admin/scopes_controller.go:83.2,84.54 2 0
github.com/dropDatabas3/hellojohn/internal/http/controllers/admin/scopes_controller.go:88.80,93.16 4 0
github.com/dropDatabas3/hellojohn/internal/http/controllers/admin/scopes_controller.go:93.16,96.3 2 0
github.com/dropDatabas3/hellojohn/internal/http/controllers/admin/scopes_controller.go:99.2,100.16 2 0
github.com/dropDatabas3/hellojohn/internal/http/controllers/admin/scopes_controller.go:100.16,103.3 2 0
github.com/dropDatabas3/hellojohn/internal/http/controllers/admin/scopes_controller.go:105.2,105.64 1 0
github.com/dropDatabas3/hellojohn/internal/http/controllers/admin/scopes_controller.go:105.64,109.3 3 0
github.com/dropDatabas3/hellojohn/internal/http/controllers/admin/scopes_controller.go:111.2,112.63 2 0
github.com/dropDatabas3/hellojohn/internal/http/controllers/admin/scopes_controller.go:117.43,119.38 2 0
github.com/dropDatabas3/hellojohn/internal/http/controllers/admin/scopes_controller.go:119.38,121.3 1 0
github.com/dropDatabas3/hellojohn/internal/http/controllers/admin/scopes_controller.go:122.2,122.41 1 0
github.com/dropDatabas3/hellojohn/internal/http/controllers/admin/scopes_controller.go:125.60,134.27 2 0
github.com/dropDatabas3/hellojohn/internal/http/controllers/admin/scopes_controller.go:134.27,136.3 1 0
github.com/dropDatabas3/hellojohn/internal/http/controllers/admin/scopes_controller.go:137.2,137.49 1 0
github.com/dropDatabas3/hellojohn/internal/http/controllers/admin/scopes_controller.go:137.49,139.3 1 0
github.com/dropDatabas3/hellojohn/internal/http/controllers/admin/scopes_controller.go:140.2,140.13 1 0
github.com/dropDatabas3/hellojohn/internal/http/controllers/admin/scopes_controller.go:143.63,152.2 1 0
github.com/dropDatabas3/hellojohn/internal/http/controllers/admin/scopes_controller.go:154.52,156.9 2 0
github.com/dropDatabas3/hellojohn/internal/http/controllers/admin/scopes_controller.go:157.45,158.51 1 0
github.com/dropDatabas3/hellojohn/internal/http/controllers/admin/scopes_controller.go:159.42,160.51 1 0
github.com/dropDatabas3/hellojohn/internal/http/controllers/admin/scopes_controller.go:161.44,162.53 1 0
github.com/dropDatabas3/hellojohn/internal/http/controllers/admin/scopes_controller.go:163.10,164.58 1 0
github.com/dropDatabas3/hellojohn/internal/http/controllers/admin/sessions_controller.go:18.83,20.2 1 0
github.com/dropDatabas3/hellojohn/internal/http/controllers/admin/sessions_controller.go:37.83,39.22 2 0
github.com/dropDatabas3/hellojohn/internal/http/controllers/admin/sessions_controller.go:39.22,42.3 2 0
github.com/dropDatabas3/hellojohn/internal/http/controllers/admin/sessions_controller.go:45.2,51.14 6 0
github.com/dropDatabas3/hellojohn/internal/http/controllers/admin/sessions_controller.go:51.14,53.3 1 0
github.com/dropDatabas3/hellojohn/internal/http/controllers/admin/sessions_controller.go:54.2,55.18 2 0
github.com/dropDatabas3/hellojohn/internal/http/controllers/admin/sessions_controller.go:55.18,57.3 1 0
github.com/dropDatabas3/hellojohn/internal/http/controllers/admin/sessions_controller.go:59.2,64.18 2 0
github.com/dropDatabas3/hellojohn/internal/http/controllers/admin/sessions_controller.go:64.18,66.3 1 0
github.com/dropDatabas3/hellojohn/internal/http/controllers/admin/sessions_controller.go:67.2,67.22 1 0
github.com/dropDatabas3/hellojohn/internal/http/controllers/admin/sessions_controller.go:67.22,69.3 1 0
github.com/dropDatabas3/hellojohn/internal/http/controllers/admin/sessions_controller.go:70.2,70.18 1 0
github.com/dropDatabas3/hellojohn/internal/http/controllers/admin/sessions_controller.go:70.18,72.3 1 0
github.com/dropDatabas3/hellojohn/internal/http/controllers/admin/sessions_controller.go:73.2,73.18 1 0
github.com/dropDatabas3/hellojohn/internal/http/controllers/admin/sessions_controller.go:73.18,75.3 1 0
github.com/dropDatabas3/hellojohn/internal/http/controllers/admin/sessions_controller.go:77.2,78.16 2 0
github.com/dropDatabas3/hellojohn/internal/http/controllers/admin/sessions_controller.go:78.16,81.3 2 0
github.com/dropDatabas3/hellojohn/internal/http/controllers/admin/sessions_controller.go:83.2,84.35 2 0
github.com/dropDatabas3/hellojohn/internal/http/controllers/admin/sessions_controller.go:103.84,107.41 3 0
github.com/dropDatabas3/hellojohn/internal/http/controllers/admin/sessions_controller.go:107.41,110.3 2 0
github.com/dropDatabas3/hellojohn/internal/http/controllers/admin/sessions_controller.go:112.2,113.61 2 0
github.com/dropDatabas3/hellojohn/internal/http/controllers/admin/sessions_controller.go:113.61,116.3 2 0
github.com/dropDatabas3/hellojohn/internal/http/controllers/admin/sessions_controller.go:119.2,120.19 2 0
github.com/dropDatabas3/hellojohn/internal/http/controllers/admin/sessions_controller.go:120.19,122.3 1 0
github.com/dropDatabas3/hellojohn/internal/http/controllers/admin/sessions_controller.go:124.2,130.16 2 0
github.com/dropDatabas3/hellojohn/internal/http/controllers/admin/sessions_controller.go:130.16,133.3 2 0
github.com/dropDatabas3/hellojohn/internal/http/controllers/admin/sessions_controller.go:135.2,136.67 2 0
github.com/dropDatabas3/hellojohn/internal/http/controllers/admin/sessions_controller.go:155.89,159.38 3 0
github.com/dropDatabas3/hellojohn/internal/http/controllers/admin/sessions_controller.go:159.38,162.3 2 0
github.com/dropDatabas3/hellojohn/internal/http/controllers/admin/sessions_controller.go:164.2,165.61 2 0
github.com/dropDatabas3/hellojohn/internal/http/controllers/admin/sessions_controller.go:165.61,168.3 2 0
github.com/dropDatabas3/hellojohn/internal/http/controllers/admin/sessions_controller.go:170.2,171.19 2 0
github.com/dropDatabas3/hellojohn/internal/http/controllers/admin/sessions_controller.go:171.19,173.3 1 0
github.com/dropDatabas3/hellojohn/internal/http/controllers/admin/sessions_controller.go:175.2,181.16 2 0
github.com/dropDatabas3/hellojohn/internal/http/controllers/admin/sessions_controller.go:181.16,184.3 2 0
github.com/dropDatabas3/hellojohn/internal/http/controllers/admin/sessions_controller.go:186.2,187.35 2 0
github.com/dropDatabas3/hellojohn/internal/http/controllers/admin/sessions_controller.go:205.88,208.22 2 0
github.com/dropDatabas3/hellojohn/internal/http/controllers/admin/sessions_controller.go:208.22,211.3 2 0
github.com/dropDatabas3/hellojohn/internal/http/controllers/admin/sessions_controller.go:213.2,214.61 2 0
github.com/dropDatabas3/hellojohn/internal/http/controllers/admin/sessions_controller.go:214.61,217.3 2 0
github.com/dropDatabas3/hellojohn/internal/http/controllers/admin/sessions_controller.go:219.2,220.19 2 0
github.com/dropDatabas3/hellojohn/internal/http/controllers/admin/sessions_controller.go:220.19,222.3 1 0
github.com/dropDatabas3/hellojohn/internal/http/controllers/admin/sessions_controller.go:224.2,229.16 2 0
github.com/dropDatabas3/hellojohn/internal/http/controllers/admin/sessions_controller.go:229.16,232.3 2 0
github.com/dropDatabas3/hellojohn/internal/http/controllers/admin/sessions_controller.go:234.2,235.35 2 0
github.com/dropDatabas3/hellojohn/internal/http/controllers/admin/sessions_controller.go:248.81,252.41 3 0
github.com/dropDatabas3/hellojohn/internal/http/controllers/admin/sessions_controller.go:252.41,255.3 2 0
github.com/dropDatabas3/hellojohn/internal/http/controllers/admin/sessions_controller.go:257.2,261.16 2 0
github.com/dropDatabas3/hellojohn/internal/http/controllers/admin/sessions_controller.go:261.16,264.3 2 0
github.com/dropDatabas3/hellojohn/internal/http/controllers/admin/sessions_controller.go:266.2,267.35 2 0
github.com/dropDatabas3/hellojohn/internal/http/controllers/admin/sessions_controller.go:279.79,282.22 2 0
github.com/dropDatabas3/hellojohn/internal/http/controllers/admin/sessions_controller.go:282.22,285.3 2 0
github.com/dropDatabas3/hellojohn/internal/http/controllers/admin/sessions_controller.go:287.2,290.16 2 0
github.com/dropDatabas3/hellojohn/internal/http/controllers/admin/sessions_controller.go:290.16,293.3 2 0
github.com/dropDatabas3/hellojohn/internal/http/controllers/admin/sessions_controller.go:295.2,296.35 2 0
github.com/dropDatabas3/hellojohn/internal/http/controllers/admin/tenants_controller.go:25.74,27.2 1 0
github.com/dropDatabas3/hellojohn/internal/http/controllers/admin/tenants_controller.go:32.81,37.16 4 0
github.com/dropDatabas3/hellojohn/internal/http/controllers/admin/tenants_controller.go:37.16,41.3 3 0
github.com/dropDatabas3/hellojohn/internal/http/controllers/admin/tenants_controller.go:43.2,44.36 2 0
[...]
github.com/dropDatabas3/hellojohn/internal/util/atomicwrite/atomicwrite.go:51.49,53.52 2 0
github.com/dropDatabas3/hellojohn/internal/util/atomicwrite/atomicwrite.go:53.52,55.4 1 0
github.com/dropDatabas3/hellojohn/internal/util/atomicwrite/atomicwrite.go:58.2,58.12 1 0
github.com/dropDatabas3/hellojohn/internal/store/adapters/raft/cluster.go:22.54,24.2 1 0
github.com/dropDatabas3/hellojohn/internal/store/adapters/raft/cluster.go:28.87,29.19 1 0
github.com/dropDatabas3/hellojohn/internal/store/adapters/raft/cluster.go:29.19,31.3 1 0
github.com/dropDatabas3/hellojohn/internal/store/adapters/raft/cluster.go:33.2,37.23 3 0
github.com/dropDatabas3/hellojohn/internal/store/adapters/raft/cluster.go:37.23,39.3 1 0
github.com/dropDatabas3/hellojohn/internal/store/adapters/raft/cluster.go:41.2,55.8 5 0
github.com/dropDatabas3/hellojohn/internal/store/adapters/raft/cluster.go:58.67,59.19 1 0
github.com/dropDatabas3/hellojohn/internal/store/adapters/raft/cluster.go:59.19,61.3 1 0
github.com/dropDatabas3/hellojohn/internal/store/adapters/raft/cluster.go:62.2,62.31 1 0
github.com/dropDatabas3/hellojohn/internal/store/adapters/raft/cluster.go:65.72,66.19 1 0
github.com/dropDatabas3/hellojohn/internal/store/adapters/raft/cluster.go:66.19,68.3 1 0
github.com/dropDatabas3/hellojohn/internal/store/adapters/raft/cluster.go:69.2,69.31 1 0
github.com/dropDatabas3/hellojohn/internal/store/adapters/raft/cluster.go:72.87,73.19 1 0
github.com/dropDatabas3/hellojohn/internal/store/adapters/raft/cluster.go:73.19,75.3 1 0
github.com/dropDatabas3/hellojohn/internal/store/adapters/raft/cluster.go:78.2,79.16 2 0
github.com/dropDatabas3/hellojohn/internal/store/adapters/raft/cluster.go:79.16,81.3 1 0
github.com/dropDatabas3/hellojohn/internal/store/adapters/raft/cluster.go:83.2,86.37 3 0
github.com/dropDatabas3/hellojohn/internal/store/adapters/raft/cluster.go:86.37,92.41 4 0
github.com/dropDatabas3/hellojohn/internal/store/adapters/raft/cluster.go:92.41,94.4 1 0
github.com/dropDatabas3/hellojohn/internal/store/adapters/raft/cluster.go:96.3,101.5 1 0
github.com/dropDatabas3/hellojohn/internal/store/adapters/raft/cluster.go:103.2,103.19 1 0
github.com/dropDatabas3/hellojohn/internal/store/adapters/raft/cluster.go:108.96,109.19 1 0
github.com/dropDatabas3/hellojohn/internal/store/adapters/raft/cluster.go:109.19,111.3 1 0
github.com/dropDatabas3/hellojohn/internal/store/adapters/raft/cluster.go:112.2,112.24 1 0
github.com/dropDatabas3/hellojohn/internal/store/adapters/raft/cluster.go:112.24,114.3 1 0
github.com/dropDatabas3/hellojohn/internal/store/adapters/raft/cluster.go:117.2,119.16 3 0
github.com/dropDatabas3/hellojohn/internal/store/adapters/raft/cluster.go:119.16,121.3 1 0
github.com/dropDatabas3/hellojohn/internal/store/adapters/raft/cluster.go:125.2,125.37 1 0
github.com/dropDatabas3/hellojohn/internal/store/adapters/raft/cluster.go:128.104,131.30 2 0
github.com/dropDatabas3/hellojohn/internal/store/adapters/raft/cluster.go:131.30,133.17 2 0
github.com/dropDatabas3/hellojohn/internal/store/adapters/raft/cluster.go:133.17,135.4 1 0
github.com/dropDatabas3/hellojohn/internal/store/adapters/raft/cluster.go:136.3,136.18 1 0
github.com/dropDatabas3/hellojohn/internal/store/adapters/raft/cluster.go:138.2,138.23 1 0
github.com/dropDatabas3/hellojohn/internal/store/adapters/raft/cluster.go:141.106,144.34 2 0
github.com/dropDatabas3/hellojohn/internal/store/adapters/raft/cluster.go:144.34,146.17 2 0
github.com/dropDatabas3/hellojohn/internal/store/adapters/raft/cluster.go:146.17,148.4 1 0
github.com/dropDatabas3/hellojohn/internal/store/adapters/raft/cluster.go:149.3,149.40 1 0
github.com/dropDatabas3/hellojohn/internal/store/adapters/raft/cluster.go:149.40,151.4 1 0
github.com/dropDatabas3/hellojohn/internal/store/adapters/raft/cluster.go:152.3,152.10 1 0
github.com/dropDatabas3/hellojohn/internal/store/adapters/raft/cluster.go:153.21,154.20 1 0
github.com/dropDatabas3/hellojohn/internal/store/adapters/raft/cluster.go:155.44,155.44 0 0
github.com/dropDatabas3/hellojohn/internal/store/adapters/raft/cluster.go:158.2,158.70 1 0
github.com/dropDatabas3/hellojohn/internal/store/adapters/raft/cluster.go:163.78,164.19 1 0
github.com/dropDatabas3/hellojohn/internal/store/adapters/raft/cluster.go:164.19,166.3 1 0
github.com/dropDatabas3/hellojohn/internal/store/adapters/raft/cluster.go:167.2,167.24 1 0
github.com/dropDatabas3/hellojohn/internal/store/adapters/raft/cluster.go:167.24,169.3 1 0
github.com/dropDatabas3/hellojohn/internal/store/adapters/raft/cluster.go:170.2,170.42 1 0
github.com/dropDatabas3/hellojohn/internal/store/adapters/raft/cluster.go:173.72,174.19 1 0
github.com/dropDatabas3/hellojohn/internal/store/adapters/raft/cluster.go:174.19,176.3 1 0
github.com/dropDatabas3/hellojohn/internal/store/adapters/raft/cluster.go:177.2,177.24 1 0
github.com/dropDatabas3/hellojohn/internal/store/adapters/raft/cluster.go:177.24,179.3 1 0
github.com/dropDatabas3/hellojohn/internal/store/adapters/raft/cluster.go:180.2,180.37 1 0
github.com/dropDatabas3/hellojohn/internal/store/adapters/raft/cluster.go:185.55,186.19 1 0
github.com/dropDatabas3/hellojohn/internal/store/adapters/raft/cluster.go:186.19,188.3 1 0
github.com/dropDatabas3/hellojohn/internal/store/adapters/raft/cluster.go:190.2,191.12 2 0
github.com/dropDatabas3/hellojohn/internal/store/adapters/raft/cluster.go:194.37,195.19 1 0
github.com/dropDatabas3/hellojohn/internal/store/adapters/raft/cluster.go:195.19,197.3 1 0
github.com/dropDatabas3/hellojohn/internal/store/adapters/raft/cluster.go:198.2,198.23 1 0
github.com/dropDatabas3/hellojohn/internal/util/mask.go:5.33,8.12 3 0
github.com/dropDatabas3/hellojohn/internal/util/mask.go:8.12,9.14 1 0
github.com/dropDatabas3/hellojohn/internal/util/mask.go:9.14,11.4 1 0
github.com/dropDatabas3/hellojohn/internal/util/mask.go:12.3,12.18 1 0
github.com/dropDatabas3/hellojohn/internal/util/mask.go:12.18,14.4 1 0
github.com/dropDatabas3/hellojohn/internal/util/mask.go:15.3,15.38 1 0
github.com/dropDatabas3/hellojohn/internal/util/mask.go:17.2,18.19 2 0
github.com/dropDatabas3/hellojohn/internal/util/mask.go:18.19,20.3 1 0
github.com/dropDatabas3/hellojohn/internal/util/mask.go:21.2,22.43 2 0
github.com/dropDatabas3/hellojohn/internal/util/mask.go:22.43,24.3 1 0
github.com/dropDatabas3/hellojohn/internal/util/mask.go:25.2,25.47 1 0
github.com/dropDatabas3/hellojohn/internal/store/cluster/applier.go:34.68,36.2 1 0
github.com/dropDatabas3/hellojohn/internal/store/cluster/applier.go:40.45,43.16 2 0
github.com/dropDatabas3/hellojohn/internal/store/cluster/applier.go:44.50,45.32 1 0
github.com/dropDatabas3/hellojohn/internal/store/cluster/applier.go:46.28,47.32 1 0
github.com/dropDatabas3/hellojohn/internal/store/cluster/applier.go:48.50,49.32 1 0
github.com/dropDatabas3/hellojohn/internal/store/cluster/applier.go:50.28,51.32 1 0
github.com/dropDatabas3/hellojohn/internal/store/cluster/applier.go:52.30,53.34 1 0
github.com/dropDatabas3/hellojohn/internal/store/cluster/applier.go:54.27,55.31 1 0
github.com/dropDatabas3/hellojohn/internal/store/cluster/applier.go:56.27,57.31 1 0
github.com/dropDatabas3/hellojohn/internal/store/cluster/applier.go:58.25,59.24 1 0
github.com/dropDatabas3/hellojohn/internal/store/cluster/applier.go:60.10,62.13 1 0
github.com/dropDatabas3/hellojohn/internal/store/cluster/applier.go:66.73,68.54 2 0
github.com/dropDatabas3/hellojohn/internal/store/cluster/applier.go:68.54,70.3 1 0
github.com/dropDatabas3/hellojohn/internal/store/cluster/applier.go:72.2,73.23 2 0
github.com/dropDatabas3/hellojohn/internal/store/cluster/applier.go:73.23,75.3 1 0
github.com/dropDatabas3/hellojohn/internal/store/cluster/applier.go:77.2,93.35 3 0
github.com/dropDatabas3/hellojohn/internal/store/cluster/applier.go:93.35,95.3 1 0
github.com/dropDatabas3/hellojohn/internal/store/cluster/applier.go:95.8,95.23 1 0
github.com/dropDatabas3/hellojohn/internal/store/cluster/applier.go:95.23,97.3 1 0
github.com/dropDatabas3/hellojohn/internal/store/cluster/applier.go:98.2,98.12 1 0
github.com/dropDatabas3/hellojohn/internal/store/cluster/applier.go:101.73,103.54 2 0
github.com/dropDatabas3/hellojohn/internal/store/cluster/applier.go:103.54,105.3 1 0
github.com/dropDatabas3/hellojohn/internal/store/cluster/applier.go:107.2,108.23 2 0
github.com/dropDatabas3/hellojohn/internal/store/cluster/applier.go:108.23,110.3 1 0
github.com/dropDatabas3/hellojohn/internal/store/cluster/applier.go:112.2,113.35 2 0
github.com/dropDatabas3/hellojohn/internal/store/cluster/applier.go:113.35,115.3 1 0
github.com/dropDatabas3/hellojohn/internal/store/cluster/applier.go:116.2,116.12 1 0
github.com/dropDatabas3/hellojohn/internal/store/cluster/applier.go:119.73,121.54 2 0
github.com/dropDatabas3/hellojohn/internal/store/cluster/applier.go:121.54,123.3 1 0
github.com/dropDatabas3/hellojohn/internal/store/cluster/applier.go:125.2,126.23 2 0
github.com/dropDatabas3/hellojohn/internal/store/cluster/applier.go:126.23,128.3 1 0
github.com/dropDatabas3/hellojohn/internal/store/cluster/applier.go:131.2,132.25 2 0
github.com/dropDatabas3/hellojohn/internal/store/cluster/applier.go:132.25,133.63 1 0
github.com/dropDatabas3/hellojohn/internal/store/cluster/applier.go:133.63,135.4 1 0
github.com/dropDatabas3/hellojohn/internal/store/cluster/applier.go:138.2,147.35 3 0
github.com/dropDatabas3/hellojohn/internal/store/cluster/applier.go:147.35,149.3 1 0
github.com/dropDatabas3/hellojohn/internal/store/cluster/applier.go:149.8,149.23 1 0
github.com/dropDatabas3/hellojohn/internal/store/cluster/applier.go:149.23,151.3 1 0
github.com/dropDatabas3/hellojohn/internal/store/cluster/applier.go:152.2,152.12 1 0
github.com/dropDatabas3/hellojohn/internal/store/cluster/applier.go:155.73,157.23 2 0
github.com/dropDatabas3/hellojohn/internal/store/cluster/applier.go:157.23,159.3 1 0
github.com/dropDatabas3/hellojohn/internal/store/cluster/applier.go:161.2,162.35 2 0
github.com/dropDatabas3/hellojohn/internal/store/cluster/applier.go:162.35,164.3 1 0
github.com/dropDatabas3/hellojohn/internal/store/cluster/applier.go:165.2,165.12 1 0
github.com/dropDatabas3/hellojohn/internal/store/cluster/applier.go:168.75,170.54 2 0
github.com/dropDatabas3/hellojohn/internal/store/cluster/applier.go:170.54,172.3 1 0
github.com/dropDatabas3/hellojohn/internal/store/cluster/applier.go:174.2,175.23 2 0
github.com/dropDatabas3/hellojohn/internal/store/cluster/applier.go:175.23,177.3 1 0
github.com/dropDatabas3/hellojohn/internal/store/cluster/applier.go:179.2,180.62 2 0
github.com/dropDatabas3/hellojohn/internal/store/cluster/applier.go:180.62,182.3 1 0
github.com/dropDatabas3/hellojohn/internal/store/cluster/applier.go:184.2,184.64 1 0
github.com/dropDatabas3/hellojohn/internal/store/cluster/applier.go:187.72,189.54 2 0
github.com/dropDatabas3/hellojohn/internal/store/cluster/applier.go:189.54,191.3 1 0
github.com/dropDatabas3/hellojohn/internal/store/cluster/applier.go:193.2,194.22 2 0
github.com/dropDatabas3/hellojohn/internal/store/cluster/applier.go:194.22,196.3 1 0
github.com/dropDatabas3/hellojohn/internal/store/cluster/applier.go:198.2,207.12 3 0
github.com/dropDatabas3/hellojohn/internal/store/cluster/applier.go:210.72,212.54 2 0
github.com/dropDatabas3/hellojohn/internal/store/cluster/applier.go:212.54,214.3 1 0
github.com/dropDatabas3/hellojohn/internal/store/cluster/applier.go:216.2,217.22 2 0
github.com/dropDatabas3/hellojohn/internal/store/cluster/applier.go:217.22,219.3 1 0
github.com/dropDatabas3/hellojohn/internal/store/cluster/applier.go:221.2,222.35 2 0
github.com/dropDatabas3/hellojohn/internal/store/cluster/applier.go:222.35,224.3 1 0
github.com/dropDatabas3/hellojohn/internal/store/cluster/applier.go:225.2,225.12 1 0
github.com/dropDatabas3/hellojohn/internal/store/cluster/applier.go:229.49,230.20 1 0
github.com/dropDatabas3/hellojohn/internal/store/cluster/applier.go:230.20,232.3 1 0
github.com/dropDatabas3/hellojohn/internal/store/cluster/applier.go:234.2,235.54 2 0
github.com/dropDatabas3/hellojohn/internal/store/cluster/applier.go:235.54,237.3 1 0
github.com/dropDatabas3/hellojohn/internal/store/cluster/applier.go:240.2,241.52 2 0
github.com/dropDatabas3/hellojohn/internal/store/cluster/applier.go:241.52,243.3 1 0
github.com/dropDatabas3/hellojohn/internal/store/cluster/applier.go:243.8,245.3 1 0
github.com/dropDatabas3/hellojohn/internal/store/cluster/applier.go:246.2,246.51 1 0
github.com/dropDatabas3/hellojohn/internal/store/cluster/applier.go:246.51,248.3 1 0
github.com/dropDatabas3/hellojohn/internal/store/cluster/applier.go:251.2,251.43 1 0
github.com/dropDatabas3/hellojohn/internal/store/cluster/applier.go:251.43,252.98 1 0
github.com/dropDatabas3/hellojohn/internal/store/cluster/applier.go:252.98,254.4 1 0
github.com/dropDatabas3/hellojohn/internal/store/cluster/applier.go:258.2,259.45 2 0
github.com/dropDatabas3/hellojohn/internal/store/cluster/applier.go:259.45,261.3 1 0
github.com/dropDatabas3/hellojohn/internal/store/cluster/applier.go:261.8,262.70 1 0
github.com/dropDatabas3/hellojohn/internal/store/cluster/applier.go:262.70,264.4 1 0
github.com/dropDatabas3/hellojohn/internal/store/cluster/applier.go:267.2,267.12 1 0
github.com/dropDatabas3/hellojohn/internal/store/cluster/applier.go:272.50,275.16 3 0
github.com/dropDatabas3/hellojohn/internal/store/cluster/applier.go:275.16,277.3 1 0
github.com/dropDatabas3/hellojohn/internal/store/cluster/applier.go:278.2,278.41 1 0
github.com/dropDatabas3/hellojohn/internal/store/cluster/applier.go:278.41,282.3 3 0
github.com/dropDatabas3/hellojohn/internal/store/cluster/applier.go:283.2,283.33 1 0
github.com/dropDatabas3/hellojohn/internal/store/cluster/applier.go:283.33,287.3 3 0
github.com/dropDatabas3/hellojohn/internal/store/cluster/applier.go:288.2,288.34 1 0
github.com/dropDatabas3/hellojohn/internal/store/cluster/applier.go:288.34,291.3 2 0
github.com/dropDatabas3/hellojohn/internal/store/cluster/applier.go:293.2,294.29 2 0
github.com/dropDatabas3/hellojohn/internal/store/cluster/fsm.go:24.50,26.2 1 0
github.com/dropDatabas3/hellojohn/internal/store/cluster/fsm.go:30.46,31.34 1 0
github.com/dropDatabas3/hellojohn/internal/store/cluster/fsm.go:31.34,33.3 1 0
github.com/dropDatabas3/hellojohn/internal/store/cluster/fsm.go:35.2,36.51 2 0
github.com/dropDatabas3/hellojohn/internal/store/cluster/fsm.go:36.51,38.3 1 0
github.com/dropDatabas3/hellojohn/internal/store/cluster/fsm.go:41.2,41.43 1 0
github.com/dropDatabas3/hellojohn/internal/store/cluster/fsm.go:41.43,43.3 1 0
github.com/dropDatabas3/hellojohn/internal/store/cluster/fsm.go:45.2,45.12 1 0
github.com/dropDatabas3/hellojohn/internal/store/cluster/fsm.go:49.52,51.2 1 0
github.com/dropDatabas3/hellojohn/internal/store/cluster/fsm.go:54.47,55.15 1 0
github.com/dropDatabas3/hellojohn/internal/store/cluster/fsm.go:55.15,57.3 1 0
github.com/dropDatabas3/hellojohn/internal/store/cluster/fsm.go:58.2,60.20 2 0
github.com/dropDatabas3/hellojohn/internal/store/cluster/fsm.go:60.20,64.3 2 0
github.com/dropDatabas3/hellojohn/internal/store/cluster/fsm.go:67.2,69.51 3 0
github.com/dropDatabas3/hellojohn/internal/store/cluster/fsm.go:69.51,71.3 1 0
github.com/dropDatabas3/hellojohn/internal/store/cluster/fsm.go:74.2,75.16 2 0
github.com/dropDatabas3/hellojohn/internal/store/cluster/fsm.go:75.16,77.3 1 0
github.com/dropDatabas3/hellojohn/internal/store/cluster/fsm.go:78.2,81.6 3 0
github.com/dropDatabas3/hellojohn/internal/store/cluster/fsm.go:81.6,83.20 2 0
github.com/dropDatabas3/hellojohn/internal/store/cluster/fsm.go:83.20,84.9 1 0
github.com/dropDatabas3/hellojohn/internal/store/cluster/fsm.go:86.3,86.17 1 0
github.com/dropDatabas3/hellojohn/internal/store/cluster/fsm.go:86.17,88.4 1 0
github.com/dropDatabas3/hellojohn/internal/store/cluster/fsm.go:91.3,95.108 3 0
github.com/dropDatabas3/hellojohn/internal/store/cluster/fsm.go:95.108,96.12 1 0
github.com/dropDatabas3/hellojohn/internal/store/cluster/fsm.go:99.3,100.23 2 0
github.com/dropDatabas3/hellojohn/internal/store/cluster/fsm.go:101.20,102.69 1 0
github.com/dropDatabas3/hellojohn/internal/store/cluster/fsm.go:102.69,104.5 1 0
github.com/dropDatabas3/hellojohn/internal/store/cluster/fsm.go:105.20,106.66 1 0
github.com/dropDatabas3/hellojohn/internal/store/cluster/fsm.go:106.66,108.5 1 0
github.com/dropDatabas3/hellojohn/internal/store/cluster/fsm.go:109.4,110.18 2 0
github.com/dropDatabas3/hellojohn/internal/store/cluster/fsm.go:110.18,112.5 1 0
github.com/dropDatabas3/hellojohn/internal/store/cluster/fsm.go:113.4,113.47 1 0
github.com/dropDatabas3/hellojohn/internal/store/cluster/fsm.go:113.47,116.5 2 0
github.com/dropDatabas3/hellojohn/internal/store/cluster/fsm.go:117.4,117.16 1 0
github.com/dropDatabas3/hellojohn/internal/store/cluster/fsm.go:122.2,122.50 1 0
github.com/dropDatabas3/hellojohn/internal/store/cluster/fsm.go:122.50,129.41 6 0
github.com/dropDatabas3/hellojohn/internal/store/cluster/fsm.go:129.41,131.4 1 0
github.com/dropDatabas3/hellojohn/internal/store/cluster/fsm.go:132.3,132.45 1 0
github.com/dropDatabas3/hellojohn/internal/store/cluster/fsm.go:132.45,134.46 1 0
github.com/dropDatabas3/hellojohn/internal/store/cluster/fsm.go:134.46,136.5 1 0
github.com/dropDatabas3/hellojohn/internal/store/cluster/fsm.go:137.4,137.14 1 0
github.com/dropDatabas3/hellojohn/internal/store/cluster/fsm.go:139.3,139.24 1 0
github.com/dropDatabas3/hellojohn/internal/store/cluster/fsm.go:142.2,143.12 2 0
github.com/dropDatabas3/hellojohn/internal/store/cluster/fsm.go:151.60,152.18 1 0
github.com/dropDatabas3/hellojohn/internal/store/cluster/fsm.go:152.18,154.3 1 0
github.com/dropDatabas3/hellojohn/internal/store/cluster/fsm.go:156.2,160.67 3 0
github.com/dropDatabas3/hellojohn/internal/store/cluster/fsm.go:160.67,162.17 2 0
github.com/dropDatabas3/hellojohn/internal/store/cluster/fsm.go:162.17,164.4 1 0
github.com/dropDatabas3/hellojohn/internal/store/cluster/fsm.go:165.3,166.45 2 0
github.com/dropDatabas3/hellojohn/internal/store/cluster/fsm.go:166.45,168.4 1 0
github.com/dropDatabas3/hellojohn/internal/store/cluster/fsm.go:169.3,169.30 1 0
github.com/dropDatabas3/hellojohn/internal/store/cluster/fsm.go:169.30,171.18 2 0
github.com/dropDatabas3/hellojohn/internal/store/cluster/fsm.go:171.18,173.5 1 0
github.com/dropDatabas3/hellojohn/internal/store/cluster/fsm.go:174.4,175.44 2 0
github.com/dropDatabas3/hellojohn/internal/store/cluster/fsm.go:175.44,177.5 1 0
github.com/dropDatabas3/hellojohn/internal/store/cluster/fsm.go:179.3,179.13 1 0
github.com/dropDatabas3/hellojohn/internal/store/cluster/fsm.go:183.2,183.50 1 0
github.com/dropDatabas3/hellojohn/internal/store/cluster/fsm.go:183.50,185.58 2 0
github.com/dropDatabas3/hellojohn/internal/store/cluster/fsm.go:185.58,186.12 1 0
github.com/dropDatabas3/hellojohn/internal/store/cluster/fsm.go:188.3,188.86 1 0
github.com/dropDatabas3/hellojohn/internal/store/cluster/fsm.go:188.86,189.18 1 0
github.com/dropDatabas3/hellojohn/internal/store/cluster/fsm.go:189.18,191.5 1 0
github.com/dropDatabas3/hellojohn/internal/store/cluster/fsm.go:192.4,194.20 3 0
github.com/dropDatabas3/hellojohn/internal/store/cluster/fsm.go:194.20,195.18 1 0
github.com/dropDatabas3/hellojohn/internal/store/cluster/fsm.go:195.18,197.6 1 0
github.com/dropDatabas3/hellojohn/internal/store/cluster/fsm.go:198.5,198.40 1 0
github.com/dropDatabas3/hellojohn/internal/store/cluster/fsm.go:200.4,200.35 1 0
github.com/dropDatabas3/hellojohn/internal/store/cluster/fsm.go:201.18,205.4 3 0
github.com/dropDatabas3/hellojohn/internal/store/cluster/fsm.go:208.2,208.35 1 0
github.com/dropDatabas3/hellojohn/internal/store/cluster/fsm.go:208.35,212.3 3 0
github.com/dropDatabas3/hellojohn/internal/store/cluster/fsm.go:213.2,213.35 1 0
github.com/dropDatabas3/hellojohn/internal/store/cluster/fsm.go:213.35,216.3 2 0
github.com/dropDatabas3/hellojohn/internal/store/cluster/fsm.go:217.2,217.21 1 0
github.com/dropDatabas3/hellojohn/internal/store/cluster/fsm.go:221.33,221.34 0 0
github.com/dropDatabas3/hellojohn/internal/store/cluster/types.go:46.61,54.2 1 0
github.com/dropDatabas3/hellojohn/internal/store/cluster/types.go:57.62,65.2 1 0
